\BOOKMARK [0][-]{chapter*.2}{Resumen}{}% 1
\BOOKMARK [0][-]{chapter.1}{Introducci\363n}{}% 2
\BOOKMARK [1][-]{section.1.1}{Rob\363tica}{chapter.1}% 3
\BOOKMARK [2][-]{subsection.1.1.1}{Historia}{section.1.1}% 4
\BOOKMARK [2][-]{subsection.1.1.2}{Aplicaciones actuales}{section.1.1}% 5
\BOOKMARK [2][-]{subsection.1.1.3}{Software en robots}{section.1.1}% 6
\BOOKMARK [1][-]{section.1.2}{Visi\363n en robots}{chapter.1}% 7
\BOOKMARK [2][-]{subsection.1.2.1}{Aplicaciones actuales}{section.1.2}% 8
\BOOKMARK [1][-]{section.1.3}{Simulaci\363n}{chapter.1}% 9
\BOOKMARK [1][-]{section.1.4}{Rob\363tica A\351rea}{chapter.1}% 10
\BOOKMARK [2][-]{subsection.1.4.1}{Historia}{section.1.4}% 11
\BOOKMARK [2][-]{subsection.1.4.2}{Rob\363tica A\351rea en la Universidad Rey Juan Carlos}{section.1.4}% 12
\BOOKMARK [0][-]{chapter.2}{Objetivos}{}% 13
\BOOKMARK [1][-]{section.2.1}{Tareas que cumplir}{chapter.2}% 14
\BOOKMARK [1][-]{section.2.2}{Requisitos}{chapter.2}% 15
\BOOKMARK [1][-]{section.2.3}{Metodolog\355a}{chapter.2}% 16
\BOOKMARK [1][-]{section.2.4}{Planificaci\363n}{chapter.2}% 17
\BOOKMARK [0][-]{chapter.3}{Infraestructura}{}% 18
\BOOKMARK [1][-]{section.3.1}{Interfaz Gr\341fica de usuario}{chapter.3}% 19
\BOOKMARK [2][-]{subsection.3.1.1}{Qt}{section.3.1}% 20
\BOOKMARK [2][-]{subsection.3.1.2}{Matplotlib}{section.3.1}% 21
\BOOKMARK [1][-]{section.3.2}{ICE}{chapter.3}% 22
\BOOKMARK [1][-]{section.3.3}{JdeRobot}{chapter.3}% 23
\BOOKMARK [2][-]{subsection.3.3.1}{Teleoperadores uav\137viewer e introrob\137py}{section.3.3}% 24
\BOOKMARK [1][-]{section.3.4}{Gazebo}{chapter.3}% 25
\BOOKMARK [2][-]{subsection.3.4.1}{Plugins}{section.3.4}% 26
\BOOKMARK [1][-]{section.3.5}{Blender}{chapter.3}% 27
\BOOKMARK [1][-]{section.3.6}{Visualizaci\363n virtual}{chapter.3}% 28
\BOOKMARK [2][-]{subsection.3.6.1}{AprilTags}{section.3.6}% 29
\BOOKMARK [2][-]{subsection.3.6.2}{OpenCV}{section.3.6}% 30
\BOOKMARK [1][-]{section.3.7}{Dispositivos f\355sicos}{chapter.3}% 31
\BOOKMARK [2][-]{subsection.3.7.1}{MK802IV}{section.3.7}% 32
\BOOKMARK [2][-]{subsection.3.7.2}{Ar.Drone 2}{section.3.7}% 33
\BOOKMARK [0][-]{chapter.4}{Desarrollo de la infraestructura}{}% 34
\BOOKMARK [1][-]{section.4.1}{Coche virtual y teleoperador}{chapter.4}% 35
\BOOKMARK [1][-]{section.4.2}{Mk802IV}{chapter.4}% 36
\BOOKMARK [1][-]{section.4.3}{Distance Viewer}{chapter.4}% 37
\BOOKMARK [0][-]{chapter.5}{Aterrizaje visual}{}% 38
\BOOKMARK [1][-]{section.5.1}{Control visual}{chapter.5}% 39
\BOOKMARK [0][-]{chapter.6}{Conclusiones y l\355neas futuras}{}% 40
\BOOKMARK [1][-]{section.6.1}{Conclusiones}{chapter.6}% 41
\BOOKMARK [2][-]{subsection.6.1.1}{T\355tulo de la primera subsecci\363n}{section.6.1}% 42
\BOOKMARK [1][-]{section.6.2}{L\355neas futuras}{chapter.6}% 43
\BOOKMARK [0][-]{chapter*.28}{Bibliograf\355a}{}% 44
