This is pdfTeX, Version 3.14159265-2.6-1.40.16 (TeX Live 2015/Debian) (preloaded format=pdflatex 2018.5.8)  10 JUL 2018 13:15
entering extended mode
 restricted \write18 enabled.
 %&-line parsing enabled.
**TFG.tex
(./TFG.tex
LaTeX2e <2016/02/01>
Babel <3.9q> and hyphenation patterns for 81 language(s) loaded.
(/usr/share/texlive/texmf-dist/tex/latex/base/book.cls
Document Class: book 2014/09/29 v1.4h Standard LaTeX document class
(/usr/share/texlive/texmf-dist/tex/latex/base/bk12.clo
File: bk12.clo 2014/09/29 v1.4h Standard LaTeX file (size option)
)
\c@part=\count79
\c@chapter=\count80
\c@section=\count81
\c@subsection=\count82
\c@subsubsection=\count83
\c@paragraph=\count84
\c@subparagraph=\count85
\c@figure=\count86
\c@table=\count87
\abovecaptionskip=\skip41
\belowcaptionskip=\skip42
\bibindent=\dimen102
)
(/usr/share/texlive/texmf-dist/tex/latex/geometry/geometry.sty
Package: geometry 2010/09/12 v5.6 Page Geometry

(/usr/share/texlive/texmf-dist/tex/latex/graphics/keyval.sty
Package: keyval 2014/10/28 v1.15 key=value parser (DPC)
\KV@toks@=\toks14
)
(/usr/share/texlive/texmf-dist/tex/generic/oberdiek/ifpdf.sty
Package: ifpdf 2011/01/30 v2.3 Provides the ifpdf switch (HO)
Package ifpdf Info: pdfTeX in PDF mode is detected.
)
(/usr/share/texlive/texmf-dist/tex/generic/oberdiek/ifvtex.sty
Package: ifvtex 2010/03/01 v1.5 Detect VTeX and its facilities (HO)
Package ifvtex Info: VTeX not detected.
)
(/usr/share/texlive/texmf-dist/tex/generic/ifxetex/ifxetex.sty
Package: ifxetex 2010/09/12 v0.6 Provides ifxetex conditional
)
\Gm@cnth=\count88
\Gm@cntv=\count89
\c@Gm@tempcnt=\count90
\Gm@bindingoffset=\dimen103
\Gm@wd@mp=\dimen104
\Gm@odd@mp=\dimen105
\Gm@even@mp=\dimen106
\Gm@layoutwidth=\dimen107
\Gm@layoutheight=\dimen108
\Gm@layouthoffset=\dimen109
\Gm@layoutvoffset=\dimen110
\Gm@dimlist=\toks15
)
(/usr/share/texlive/texmf-dist/tex/latex/base/inputenc.sty
Package: inputenc 2015/03/17 v1.2c Input encoding file
\inpenc@prehook=\toks16
\inpenc@posthook=\toks17

(/usr/share/texlive/texmf-dist/tex/latex/base/utf8.def
File: utf8.def 2015/12/03 v1.1r UTF-8 support for inputenc
Now handling font encoding OML ...
... no UTF-8 mapping file for font encoding OML
Now handling font encoding T1 ...
... processing UTF-8 mapping file for font encoding T1

(/usr/share/texlive/texmf-dist/tex/latex/base/t1enc.dfu
File: t1enc.dfu 2015/12/03 v1.1r UTF-8 support for inputenc
   defining Unicode char U+00A0 (decimal 160)
   defining Unicode char U+00A1 (decimal 161)
   defining Unicode char U+00A3 (decimal 163)
   defining Unicode char U+00AB (decimal 171)
   defining Unicode char U+00AD (decimal 173)
   defining Unicode char U+00BB (decimal 187)
   defining Unicode char U+00BF (decimal 191)
   defining Unicode char U+00C0 (decimal 192)
   defining Unicode char U+00C1 (decimal 193)
   defining Unicode char U+00C2 (decimal 194)
   defining Unicode char U+00C3 (decimal 195)
   defining Unicode char U+00C4 (decimal 196)
   defining Unicode char U+00C5 (decimal 197)
   defining Unicode char U+00C6 (decimal 198)
   defining Unicode char U+00C7 (decimal 199)
   defining Unicode char U+00C8 (decimal 200)
   defining Unicode char U+00C9 (decimal 201)
   defining Unicode char U+00CA (decimal 202)
   defining Unicode char U+00CB (decimal 203)
   defining Unicode char U+00CC (decimal 204)
   defining Unicode char U+00CD (decimal 205)
   defining Unicode char U+00CE (decimal 206)
   defining Unicode char U+00CF (decimal 207)
   defining Unicode char U+00D0 (decimal 208)
   defining Unicode char U+00D1 (decimal 209)
   defining Unicode char U+00D2 (decimal 210)
   defining Unicode char U+00D3 (decimal 211)
   defining Unicode char U+00D4 (decimal 212)
   defining Unicode char U+00D5 (decimal 213)
   defining Unicode char U+00D6 (decimal 214)
   defining Unicode char U+00D8 (decimal 216)
   defining Unicode char U+00D9 (decimal 217)
   defining Unicode char U+00DA (decimal 218)
   defining Unicode char U+00DB (decimal 219)
   defining Unicode char U+00DC (decimal 220)
   defining Unicode char U+00DD (decimal 221)
   defining Unicode char U+00DE (decimal 222)
   defining Unicode char U+00DF (decimal 223)
   defining Unicode char U+00E0 (decimal 224)
   defining Unicode char U+00E1 (decimal 225)
   defining Unicode char U+00E2 (decimal 226)
   defining Unicode char U+00E3 (decimal 227)
   defining Unicode char U+00E4 (decimal 228)
   defining Unicode char U+00E5 (decimal 229)
   defining Unicode char U+00E6 (decimal 230)
   defining Unicode char U+00E7 (decimal 231)
   defining Unicode char U+00E8 (decimal 232)
   defining Unicode char U+00E9 (decimal 233)
   defining Unicode char U+00EA (decimal 234)
   defining Unicode char U+00EB (decimal 235)
   defining Unicode char U+00EC (decimal 236)
   defining Unicode char U+00ED (decimal 237)
   defining Unicode char U+00EE (decimal 238)
   defining Unicode char U+00EF (decimal 239)
   defining Unicode char U+00F0 (decimal 240)
   defining Unicode char U+00F1 (decimal 241)
   defining Unicode char U+00F2 (decimal 242)
   defining Unicode char U+00F3 (decimal 243)
   defining Unicode char U+00F4 (decimal 244)
   defining Unicode char U+00F5 (decimal 245)
   defining Unicode char U+00F6 (decimal 246)
   defining Unicode char U+00F8 (decimal 248)
   defining Unicode char U+00F9 (decimal 249)
   defining Unicode char U+00FA (decimal 250)
   defining Unicode char U+00FB (decimal 251)
   defining Unicode char U+00FC (decimal 252)
   defining Unicode char U+00FD (decimal 253)
   defining Unicode char U+00FE (decimal 254)
   defining Unicode char U+00FF (decimal 255)
   defining Unicode char U+0100 (decimal 256)
   defining Unicode char U+0101 (decimal 257)
   defining Unicode char U+0102 (decimal 258)
   defining Unicode char U+0103 (decimal 259)
   defining Unicode char U+0104 (decimal 260)
   defining Unicode char U+0105 (decimal 261)
   defining Unicode char U+0106 (decimal 262)
   defining Unicode char U+0107 (decimal 263)
   defining Unicode char U+0108 (decimal 264)
   defining Unicode char U+0109 (decimal 265)
   defining Unicode char U+010A (decimal 266)
   defining Unicode char U+010B (decimal 267)
   defining Unicode char U+010C (decimal 268)
   defining Unicode char U+010D (decimal 269)
   defining Unicode char U+010E (decimal 270)
   defining Unicode char U+010F (decimal 271)
   defining Unicode char U+0110 (decimal 272)
   defining Unicode char U+0111 (decimal 273)
   defining Unicode char U+0112 (decimal 274)
   defining Unicode char U+0113 (decimal 275)
   defining Unicode char U+0114 (decimal 276)
   defining Unicode char U+0115 (decimal 277)
   defining Unicode char U+0116 (decimal 278)
   defining Unicode char U+0117 (decimal 279)
   defining Unicode char U+0118 (decimal 280)
   defining Unicode char U+0119 (decimal 281)
   defining Unicode char U+011A (decimal 282)
   defining Unicode char U+011B (decimal 283)
   defining Unicode char U+011C (decimal 284)
   defining Unicode char U+011D (decimal 285)
   defining Unicode char U+011E (decimal 286)
   defining Unicode char U+011F (decimal 287)
   defining Unicode char U+0120 (decimal 288)
   defining Unicode char U+0121 (decimal 289)
   defining Unicode char U+0122 (decimal 290)
   defining Unicode char U+0123 (decimal 291)
   defining Unicode char U+0124 (decimal 292)
   defining Unicode char U+0125 (decimal 293)
   defining Unicode char U+0128 (decimal 296)
   defining Unicode char U+0129 (decimal 297)
   defining Unicode char U+012A (decimal 298)
   defining Unicode char U+012B (decimal 299)
   defining Unicode char U+012C (decimal 300)
   defining Unicode char U+012D (decimal 301)
   defining Unicode char U+012E (decimal 302)
   defining Unicode char U+012F (decimal 303)
   defining Unicode char U+0130 (decimal 304)
   defining Unicode char U+0131 (decimal 305)
   defining Unicode char U+0132 (decimal 306)
   defining Unicode char U+0133 (decimal 307)
   defining Unicode char U+0134 (decimal 308)
   defining Unicode char U+0135 (decimal 309)
   defining Unicode char U+0136 (decimal 310)
   defining Unicode char U+0137 (decimal 311)
   defining Unicode char U+0139 (decimal 313)
   defining Unicode char U+013A (decimal 314)
   defining Unicode char U+013B (decimal 315)
   defining Unicode char U+013C (decimal 316)
   defining Unicode char U+013D (decimal 317)
   defining Unicode char U+013E (decimal 318)
   defining Unicode char U+0141 (decimal 321)
   defining Unicode char U+0142 (decimal 322)
   defining Unicode char U+0143 (decimal 323)
   defining Unicode char U+0144 (decimal 324)
   defining Unicode char U+0145 (decimal 325)
   defining Unicode char U+0146 (decimal 326)
   defining Unicode char U+0147 (decimal 327)
   defining Unicode char U+0148 (decimal 328)
   defining Unicode char U+014A (decimal 330)
   defining Unicode char U+014B (decimal 331)
   defining Unicode char U+014C (decimal 332)
   defining Unicode char U+014D (decimal 333)
   defining Unicode char U+014E (decimal 334)
   defining Unicode char U+014F (decimal 335)
   defining Unicode char U+0150 (decimal 336)
   defining Unicode char U+0151 (decimal 337)
   defining Unicode char U+0152 (decimal 338)
   defining Unicode char U+0153 (decimal 339)
   defining Unicode char U+0154 (decimal 340)
   defining Unicode char U+0155 (decimal 341)
   defining Unicode char U+0156 (decimal 342)
   defining Unicode char U+0157 (decimal 343)
   defining Unicode char U+0158 (decimal 344)
   defining Unicode char U+0159 (decimal 345)
   defining Unicode char U+015A (decimal 346)
   defining Unicode char U+015B (decimal 347)
   defining Unicode char U+015C (decimal 348)
   defining Unicode char U+015D (decimal 349)
   defining Unicode char U+015E (decimal 350)
   defining Unicode char U+015F (decimal 351)
   defining Unicode char U+0160 (decimal 352)
   defining Unicode char U+0161 (decimal 353)
   defining Unicode char U+0162 (decimal 354)
   defining Unicode char U+0163 (decimal 355)
   defining Unicode char U+0164 (decimal 356)
   defining Unicode char U+0165 (decimal 357)
   defining Unicode char U+0168 (decimal 360)
   defining Unicode char U+0169 (decimal 361)
   defining Unicode char U+016A (decimal 362)
   defining Unicode char U+016B (decimal 363)
   defining Unicode char U+016C (decimal 364)
   defining Unicode char U+016D (decimal 365)
   defining Unicode char U+016E (decimal 366)
   defining Unicode char U+016F (decimal 367)
   defining Unicode char U+0170 (decimal 368)
   defining Unicode char U+0171 (decimal 369)
   defining Unicode char U+0172 (decimal 370)
   defining Unicode char U+0173 (decimal 371)
   defining Unicode char U+0174 (decimal 372)
   defining Unicode char U+0175 (decimal 373)
   defining Unicode char U+0176 (decimal 374)
   defining Unicode char U+0177 (decimal 375)
   defining Unicode char U+0178 (decimal 376)
   defining Unicode char U+0179 (decimal 377)
   defining Unicode char U+017A (decimal 378)
   defining Unicode char U+017B (decimal 379)
   defining Unicode char U+017C (decimal 380)
   defining Unicode char U+017D (decimal 381)
   defining Unicode char U+017E (decimal 382)
   defining Unicode char U+01CD (decimal 461)
   defining Unicode char U+01CE (decimal 462)
   defining Unicode char U+01CF (decimal 463)
   defining Unicode char U+01D0 (decimal 464)
   defining Unicode char U+01D1 (decimal 465)
   defining Unicode char U+01D2 (decimal 466)
   defining Unicode char U+01D3 (decimal 467)
   defining Unicode char U+01D4 (decimal 468)
   defining Unicode char U+01E2 (decimal 482)
   defining Unicode char U+01E3 (decimal 483)
   defining Unicode char U+01E6 (decimal 486)
   defining Unicode char U+01E7 (decimal 487)
   defining Unicode char U+01E8 (decimal 488)
   defining Unicode char U+01E9 (decimal 489)
   defining Unicode char U+01EA (decimal 490)
   defining Unicode char U+01EB (decimal 491)
   defining Unicode char U+01F0 (decimal 496)
   defining Unicode char U+01F4 (decimal 500)
   defining Unicode char U+01F5 (decimal 501)
   defining Unicode char U+0218 (decimal 536)
   defining Unicode char U+0219 (decimal 537)
   defining Unicode char U+021A (decimal 538)
   defining Unicode char U+021B (decimal 539)
   defining Unicode char U+01E02 (decimal 7682)
   defining Unicode char U+01E03 (decimal 7683)
   defining Unicode char U+200C (decimal 8204)
   defining Unicode char U+2013 (decimal 8211)
   defining Unicode char U+2014 (decimal 8212)
   defining Unicode char U+2018 (decimal 8216)
   defining Unicode char U+2019 (decimal 8217)
   defining Unicode char U+201A (decimal 8218)
   defining Unicode char U+201C (decimal 8220)
   defining Unicode char U+201D (decimal 8221)
   defining Unicode char U+201E (decimal 8222)
   defining Unicode char U+2030 (decimal 8240)
   defining Unicode char U+2031 (decimal 8241)
   defining Unicode char U+2039 (decimal 8249)
   defining Unicode char U+203A (decimal 8250)
   defining Unicode char U+2423 (decimal 9251)
)
Now handling font encoding OT1 ...
... processing UTF-8 mapping file for font encoding OT1

(/usr/share/texlive/texmf-dist/tex/latex/base/ot1enc.dfu
File: ot1enc.dfu 2015/12/03 v1.1r UTF-8 support for inputenc
   defining Unicode char U+00A0 (decimal 160)
   defining Unicode char U+00A1 (decimal 161)
   defining Unicode char U+00A3 (decimal 163)
   defining Unicode char U+00AD (decimal 173)
   defining Unicode char U+00B8 (decimal 184)
   defining Unicode char U+00BF (decimal 191)
   defining Unicode char U+00C5 (decimal 197)
   defining Unicode char U+00C6 (decimal 198)
   defining Unicode char U+00D8 (decimal 216)
   defining Unicode char U+00DF (decimal 223)
   defining Unicode char U+00E6 (decimal 230)
   defining Unicode char U+00EC (decimal 236)
   defining Unicode char U+00ED (decimal 237)
   defining Unicode char U+00EE (decimal 238)
   defining Unicode char U+00EF (decimal 239)
   defining Unicode char U+00F8 (decimal 248)
   defining Unicode char U+0131 (decimal 305)
   defining Unicode char U+0141 (decimal 321)
   defining Unicode char U+0142 (decimal 322)
   defining Unicode char U+0152 (decimal 338)
   defining Unicode char U+0153 (decimal 339)
   defining Unicode char U+0174 (decimal 372)
   defining Unicode char U+0175 (decimal 373)
   defining Unicode char U+0176 (decimal 374)
   defining Unicode char U+0177 (decimal 375)
   defining Unicode char U+0218 (decimal 536)
   defining Unicode char U+0219 (decimal 537)
   defining Unicode char U+021A (decimal 538)
   defining Unicode char U+021B (decimal 539)
   defining Unicode char U+2013 (decimal 8211)
   defining Unicode char U+2014 (decimal 8212)
   defining Unicode char U+2018 (decimal 8216)
   defining Unicode char U+2019 (decimal 8217)
   defining Unicode char U+201C (decimal 8220)
   defining Unicode char U+201D (decimal 8221)
)
Now handling font encoding OMS ...
... processing UTF-8 mapping file for font encoding OMS

(/usr/share/texlive/texmf-dist/tex/latex/base/omsenc.dfu
File: omsenc.dfu 2015/12/03 v1.1r UTF-8 support for inputenc
   defining Unicode char U+00A7 (decimal 167)
   defining Unicode char U+00B6 (decimal 182)
   defining Unicode char U+00B7 (decimal 183)
   defining Unicode char U+2020 (decimal 8224)
   defining Unicode char U+2021 (decimal 8225)
   defining Unicode char U+2022 (decimal 8226)
)
Now handling font encoding OMX ...
... no UTF-8 mapping file for font encoding OMX
Now handling font encoding U ...
... no UTF-8 mapping file for font encoding U
   defining Unicode char U+00A9 (decimal 169)
   defining Unicode char U+00AA (decimal 170)
   defining Unicode char U+00AE (decimal 174)
   defining Unicode char U+00BA (decimal 186)
   defining Unicode char U+02C6 (decimal 710)
   defining Unicode char U+02DC (decimal 732)
   defining Unicode char U+200C (decimal 8204)
   defining Unicode char U+2026 (decimal 8230)
   defining Unicode char U+2122 (decimal 8482)
   defining Unicode char U+2423 (decimal 9251)
))
(/usr/share/texmf/tex/latex/lm/lmodern.sty
Package: lmodern 2009/10/30 v1.6 Latin Modern Fonts
LaTeX Font Info:    Overwriting symbol font `operators' in version `normal'
(Font)                  OT1/cmr/m/n --> OT1/lmr/m/n on input line 22.
LaTeX Font Info:    Overwriting symbol font `letters' in version `normal'
(Font)                  OML/cmm/m/it --> OML/lmm/m/it on input line 23.
LaTeX Font Info:    Overwriting symbol font `symbols' in version `normal'
(Font)                  OMS/cmsy/m/n --> OMS/lmsy/m/n on input line 24.
LaTeX Font Info:    Overwriting symbol font `largesymbols' in version `normal'
(Font)                  OMX/cmex/m/n --> OMX/lmex/m/n on input line 25.
LaTeX Font Info:    Overwriting symbol font `operators' in version `bold'
(Font)                  OT1/cmr/bx/n --> OT1/lmr/bx/n on input line 26.
LaTeX Font Info:    Overwriting symbol font `letters' in version `bold'
(Font)                  OML/cmm/b/it --> OML/lmm/b/it on input line 27.
LaTeX Font Info:    Overwriting symbol font `symbols' in version `bold'
(Font)                  OMS/cmsy/b/n --> OMS/lmsy/b/n on input line 28.
LaTeX Font Info:    Overwriting symbol font `largesymbols' in version `bold'
(Font)                  OMX/cmex/m/n --> OMX/lmex/m/n on input line 29.
LaTeX Font Info:    Overwriting math alphabet `\mathbf' in version `normal'
(Font)                  OT1/cmr/bx/n --> OT1/lmr/bx/n on input line 31.
LaTeX Font Info:    Overwriting math alphabet `\mathsf' in version `normal'
(Font)                  OT1/cmss/m/n --> OT1/lmss/m/n on input line 32.
LaTeX Font Info:    Overwriting math alphabet `\mathit' in version `normal'
(Font)                  OT1/cmr/m/it --> OT1/lmr/m/it on input line 33.
LaTeX Font Info:    Overwriting math alphabet `\mathtt' in version `normal'
(Font)                  OT1/cmtt/m/n --> OT1/lmtt/m/n on input line 34.
LaTeX Font Info:    Overwriting math alphabet `\mathbf' in version `bold'
(Font)                  OT1/cmr/bx/n --> OT1/lmr/bx/n on input line 35.
LaTeX Font Info:    Overwriting math alphabet `\mathsf' in version `bold'
(Font)                  OT1/cmss/bx/n --> OT1/lmss/bx/n on input line 36.
LaTeX Font Info:    Overwriting math alphabet `\mathit' in version `bold'
(Font)                  OT1/cmr/bx/it --> OT1/lmr/bx/it on input line 37.
LaTeX Font Info:    Overwriting math alphabet `\mathtt' in version `bold'
(Font)                  OT1/cmtt/m/n --> OT1/lmtt/m/n on input line 38.
)
(/usr/share/texlive/texmf-dist/tex/latex/tools/layout.sty
Package: layout 2014/10/28 v1.2c Show layout parameters
\oneinch=\count91
\cnt@paperwidth=\count92
\cnt@paperheight=\count93
\cnt@hoffset=\count94
\cnt@voffset=\count95
\cnt@textheight=\count96
\cnt@textwidth=\count97
\cnt@topmargin=\count98
\cnt@oddsidemargin=\count99
\cnt@evensidemargin=\count100
\cnt@headheight=\count101
\cnt@headsep=\count102
\cnt@marginparsep=\count103
\cnt@marginparwidth=\count104
\cnt@marginparpush=\count105
\cnt@footskip=\count106
\fheight=\count107
\ref@top=\count108
\ref@hoffset=\count109
\ref@voffset=\count110
\ref@head=\count111
\ref@body=\count112
\ref@foot=\count113
\ref@margin=\count114
\ref@marginwidth=\count115
\ref@marginpar=\count116
\Interval=\count117
\ExtraYPos=\count118
\PositionX=\count119
\PositionY=\count120
\ArrowLength=\count121
)
(/usr/share/texlive/texmf-dist/tex/latex/emptypage/emptypage.sty
Package: emptypage 2010/05/30 v1.2 Suppress page numbers and headings on empty 
pages
)
(/usr/share/texlive/texmf-dist/tex/latex/fancyhdr/fancyhdr.sty
\fancy@headwidth=\skip43
\f@ncyO@elh=\skip44
\f@ncyO@erh=\skip45
\f@ncyO@olh=\skip46
\f@ncyO@orh=\skip47
\f@ncyO@elf=\skip48
\f@ncyO@erf=\skip49
\f@ncyO@olf=\skip50
\f@ncyO@orf=\skip51
)
(/usr/share/texlive/texmf-dist/tex/latex/cite/cite.sty
LaTeX Info: Redefining \cite on input line 302.
LaTeX Info: Redefining \nocite on input line 332.
Package: cite 2015/02/27  v 5.5
)
(/usr/share/texlive/texmf-dist/tex/latex/caption/caption.sty
Package: caption 2016/02/21 v3.3-144 Customizing captions (AR)

(/usr/share/texlive/texmf-dist/tex/latex/caption/caption3.sty
Package: caption3 2016/02/04 v1.7-139 caption3 kernel (AR)
Package caption3 Info: TeX engine: e-TeX on input line 67.
\captionmargin=\dimen111
\captionmargin@=\dimen112
\captionwidth=\dimen113
\caption@tempdima=\dimen114
\caption@indent=\dimen115
\caption@parindent=\dimen116
\caption@hangindent=\dimen117
)
\c@ContinuedFloat=\count122
)
(/usr/share/texlive/texmf-dist/tex/latex/mathtools/mathtools.sty
Package: mathtools 2015/11/12 v1.18 mathematical typesetting tools

(/usr/share/texlive/texmf-dist/tex/latex/tools/calc.sty
Package: calc 2014/10/28 v4.3 Infix arithmetic (KKT,FJ)
\calc@Acount=\count123
\calc@Bcount=\count124
\calc@Adimen=\dimen118
\calc@Bdimen=\dimen119
\calc@Askip=\skip52
\calc@Bskip=\skip53
LaTeX Info: Redefining \setlength on input line 80.
LaTeX Info: Redefining \addtolength on input line 81.
\calc@Ccount=\count125
\calc@Cskip=\skip54
)
(/usr/share/texlive/texmf-dist/tex/latex/mathtools/mhsetup.sty
Package: mhsetup 2010/01/21 v1.2a programming setup (MH)
)
(/usr/share/texlive/texmf-dist/tex/latex/amsmath/amsmath.sty
Package: amsmath 2016/03/03 v2.15a AMS math features
\@mathmargin=\skip55

For additional information on amsmath, use the `?' option.
(/usr/share/texlive/texmf-dist/tex/latex/amsmath/amstext.sty
Package: amstext 2000/06/29 v2.01 AMS text

(/usr/share/texlive/texmf-dist/tex/latex/amsmath/amsgen.sty
File: amsgen.sty 1999/11/30 v2.0 generic functions
\@emptytoks=\toks18
\ex@=\dimen120
))
(/usr/share/texlive/texmf-dist/tex/latex/amsmath/amsbsy.sty
Package: amsbsy 1999/11/29 v1.2d Bold Symbols
\pmbraise@=\dimen121
)
(/usr/share/texlive/texmf-dist/tex/latex/amsmath/amsopn.sty
Package: amsopn 1999/12/14 v2.01 operator names
)
\inf@bad=\count126
LaTeX Info: Redefining \frac on input line 199.
\uproot@=\count127
\leftroot@=\count128
LaTeX Info: Redefining \overline on input line 297.
\classnum@=\count129
\DOTSCASE@=\count130
LaTeX Info: Redefining \ldots on input line 394.
LaTeX Info: Redefining \dots on input line 397.
LaTeX Info: Redefining \cdots on input line 518.
\Mathstrutbox@=\box26
\strutbox@=\box27
\big@size=\dimen122
LaTeX Font Info:    Redeclaring font encoding OML on input line 630.
LaTeX Font Info:    Redeclaring font encoding OMS on input line 631.
\macc@depth=\count131
\c@MaxMatrixCols=\count132
\dotsspace@=\muskip10
\c@parentequation=\count133
\dspbrk@lvl=\count134
\tag@help=\toks19
\row@=\count135
\column@=\count136
\maxfields@=\count137
\andhelp@=\toks20
\eqnshift@=\dimen123
\alignsep@=\dimen124
\tagshift@=\dimen125
\tagwidth@=\dimen126
\totwidth@=\dimen127
\lineht@=\dimen128
\@envbody=\toks21
\multlinegap=\skip56
\multlinetaggap=\skip57
\mathdisplay@stack=\toks22
LaTeX Info: Redefining \[ on input line 2735.
LaTeX Info: Redefining \] on input line 2736.
)
LaTeX Info: Thecontrolsequence`\('isalreadyrobust on input line 129.
LaTeX Info: Thecontrolsequence`\)'isalreadyrobust on input line 129.
LaTeX Info: Thecontrolsequence`\['isalreadyrobust on input line 129.
LaTeX Info: Thecontrolsequence`\]'isalreadyrobust on input line 129.
\g_MT_multlinerow_int=\count138
\l_MT_multwidth_dim=\dimen129
\origjot=\skip58
\l_MT_shortvdotswithinadjustabove_dim=\dimen130
\l_MT_shortvdotswithinadjustbelow_dim=\dimen131
\l_MT_above_intertext_sep=\dimen132
\l_MT_below_intertext_sep=\dimen133
\l_MT_above_shortintertext_sep=\dimen134
\l_MT_below_shortintertext_sep=\dimen135
)
(/usr/share/texlive/texmf-dist/tex/latex/hyperref/hyperref.sty
Package: hyperref 2012/11/06 v6.83m Hypertext links for LaTeX

(/usr/share/texlive/texmf-dist/tex/generic/oberdiek/hobsub-hyperref.sty
Package: hobsub-hyperref 2012/05/28 v1.13 Bundle oberdiek, subset hyperref (HO)


(/usr/share/texlive/texmf-dist/tex/generic/oberdiek/hobsub-generic.sty
Package: hobsub-generic 2012/05/28 v1.13 Bundle oberdiek, subset generic (HO)
Package: hobsub 2012/05/28 v1.13 Construct package bundles (HO)
Package: infwarerr 2010/04/08 v1.3 Providing info/warning/error messages (HO)
Package: ltxcmds 2011/11/09 v1.22 LaTeX kernel commands for general use (HO)
Package: ifluatex 2010/03/01 v1.3 Provides the ifluatex switch (HO)
Package ifluatex Info: LuaTeX not detected.
Package hobsub Info: Skipping package `ifvtex' (already loaded).
Package: intcalc 2007/09/27 v1.1 Expandable calculations with integers (HO)
Package hobsub Info: Skipping package `ifpdf' (already loaded).
Package: etexcmds 2011/02/16 v1.5 Avoid name clashes with e-TeX commands (HO)
Package etexcmds Info: Could not find \expanded.
(etexcmds)             That can mean that you are not using pdfTeX 1.50 or
(etexcmds)             that some package has redefined \expanded.
(etexcmds)             In the latter case, load this package earlier.
Package: kvsetkeys 2012/04/25 v1.16 Key value parser (HO)
Package: kvdefinekeys 2011/04/07 v1.3 Define keys (HO)
Package: pdftexcmds 2011/11/29 v0.20 Utility functions of pdfTeX for LuaTeX (HO
)
Package pdftexcmds Info: LuaTeX not detected.
Package pdftexcmds Info: \pdf@primitive is available.
Package pdftexcmds Info: \pdf@ifprimitive is available.
Package pdftexcmds Info: \pdfdraftmode found.
Package: pdfescape 2011/11/25 v1.13 Implements pdfTeX's escape features (HO)
Package: bigintcalc 2012/04/08 v1.3 Expandable calculations on big integers (HO
)
Package: bitset 2011/01/30 v1.1 Handle bit-vector datatype (HO)
Package: uniquecounter 2011/01/30 v1.2 Provide unlimited unique counter (HO)
)
Package hobsub Info: Skipping package `hobsub' (already loaded).
Package: letltxmacro 2010/09/02 v1.4 Let assignment for LaTeX macros (HO)
Package: hopatch 2012/05/28 v1.2 Wrapper for package hooks (HO)
Package: xcolor-patch 2011/01/30 xcolor patch
Package: atveryend 2011/06/30 v1.8 Hooks at the very end of document (HO)
Package atveryend Info: \enddocument detected (standard20110627).
Package: atbegshi 2011/10/05 v1.16 At begin shipout hook (HO)
Package: refcount 2011/10/16 v3.4 Data extraction from label references (HO)
Package: hycolor 2011/01/30 v1.7 Color options for hyperref/bookmark (HO)
)
(/usr/share/texlive/texmf-dist/tex/latex/oberdiek/auxhook.sty
Package: auxhook 2011/03/04 v1.3 Hooks for auxiliary files (HO)
)
(/usr/share/texlive/texmf-dist/tex/latex/oberdiek/kvoptions.sty
Package: kvoptions 2011/06/30 v3.11 Key value format for package options (HO)
)
\@linkdim=\dimen136
\Hy@linkcounter=\count139
\Hy@pagecounter=\count140

(/usr/share/texlive/texmf-dist/tex/latex/hyperref/pd1enc.def
File: pd1enc.def 2012/11/06 v6.83m Hyperref: PDFDocEncoding definition (HO)
Now handling font encoding PD1 ...
... no UTF-8 mapping file for font encoding PD1
)
\Hy@SavedSpaceFactor=\count141

(/usr/share/texlive/texmf-dist/tex/latex/latexconfig/hyperref.cfg
File: hyperref.cfg 2002/06/06 v1.2 hyperref configuration of TeXLive
)
Package hyperref Info: Hyper figures OFF on input line 4443.
Package hyperref Info: Link nesting OFF on input line 4448.
Package hyperref Info: Hyper index ON on input line 4451.
Package hyperref Info: Plain pages OFF on input line 4458.
Package hyperref Info: Backreferencing OFF on input line 4463.
Package hyperref Info: Implicit mode ON; LaTeX internals redefined.
Package hyperref Info: Bookmarks ON on input line 4688.
\c@Hy@tempcnt=\count142

(/usr/share/texlive/texmf-dist/tex/latex/url/url.sty
\Urlmuskip=\muskip11
Package: url 2013/09/16  ver 3.4  Verb mode for urls, etc.
)
LaTeX Info: Redefining \url on input line 5041.
\XeTeXLinkMargin=\dimen137
\Fld@menulength=\count143
\Field@Width=\dimen138
\Fld@charsize=\dimen139
Package hyperref Info: Hyper figures OFF on input line 6295.
Package hyperref Info: Link nesting OFF on input line 6300.
Package hyperref Info: Hyper index ON on input line 6303.
Package hyperref Info: backreferencing OFF on input line 6310.
Package hyperref Info: Link coloring OFF on input line 6315.
Package hyperref Info: Link coloring with OCG OFF on input line 6320.
Package hyperref Info: PDF/A mode OFF on input line 6325.
LaTeX Info: Redefining \ref on input line 6365.
LaTeX Info: Redefining \pageref on input line 6369.
\Hy@abspage=\count144
\c@Item=\count145
\c@Hfootnote=\count146
)

Package hyperref Message: Driver (autodetected): hpdftex.

(/usr/share/texlive/texmf-dist/tex/latex/hyperref/hpdftex.def
File: hpdftex.def 2012/11/06 v6.83m Hyperref driver for pdfTeX
\Fld@listcount=\count147
\c@bookmark@seq@number=\count148

(/usr/share/texlive/texmf-dist/tex/latex/oberdiek/rerunfilecheck.sty
Package: rerunfilecheck 2011/04/15 v1.7 Rerun checks for auxiliary files (HO)
Package uniquecounter Info: New unique counter `rerunfilecheck' on input line 2
82.
)
\Hy@SectionHShift=\skip59
)
(/usr/share/texlive/texmf-dist/tex/generic/xypic/xy.sty
(/usr/share/texlive/texmf-dist/tex/generic/xypic/xy.tex Bootstrap'ing:
catcodes, docmode, (/usr/share/texlive/texmf-dist/tex/generic/xypic/xyrecat.tex
) (/usr/share/texlive/texmf-dist/tex/generic/xypic/xyidioms.tex)

 Xy-pic version 3.8.9 <2013/10/06>
 Copyright (c) 1991-2013 by Kristoffer H. Rose <krisrose@tug.org> and others
 Xy-pic is free software: see the User's Guide for details.

Loading kernel: messages; fonts; allocations: state,
\X@c=\dimen140
\Y@c=\dimen141
\U@c=\dimen142
\D@c=\dimen143
\L@c=\dimen144
\R@c=\dimen145
\Edge@c=\toks23
\X@p=\dimen146
\Y@p=\dimen147
\U@p=\dimen148
\D@p=\dimen149
\L@p=\dimen150
\R@p=\dimen151
\Edge@p=\toks24
\X@origin=\dimen152
\Y@origin=\dimen153
\X@xbase=\dimen154
\Y@xbase=\dimen155
\X@ybase=\dimen156
\Y@ybase=\dimen157
\X@min=\dimen158
\Y@min=\dimen159
\X@max=\dimen160
\Y@max=\dimen161
\lastobjectbox@=\box28
\zerodotbox@=\box29
\almostz@=\dimen162
 direction,
\d@X=\dimen163
\d@Y=\dimen164
\K@=\count149
\KK@=\count150
\Direction=\count151
\K@dXdY=\dimen165
\K@dYdX=\dimen166
\xyread@=\read1
\xywrite@=\write3
\csp@=\count152
\quotPTK@=\dimen167

utility macros; pictures: \xy, positions,
\swaptoks@@=\toks25
\connectobjectbox@@=\box30
 objects,
\styletoks@=\toks26
 decorations;
kernel objects: directionals, circles, text; options; algorithms: directions,
edges, connections;  Xy-pic loaded)
Package: xy 2013/10/06 Xy-pic version 3.8.9

(/usr/share/texlive/texmf-dist/tex/generic/xypic/xyall.tex
 Xy-pic option: All features v.3.8
(/usr/share/texlive/texmf-dist/tex/generic/xypic/xycurve.tex
 Xy-pic option: Curve and Spline extension v.3.12 curve,
\crv@cnt@=\count153
\crvpts@=\toks27
\splinebox@=\box31
\splineval@=\dimen168
\splinedepth@=\dimen169
\splinetol@=\dimen170
\splinelength@=\dimen171
 circles,
\L@=\dimen172
 loaded)
(/usr/share/texlive/texmf-dist/tex/generic/xypic/xyframe.tex
 Xy-pic option: Frame and Bracket extension v.3.14 loaded)
(/usr/share/texlive/texmf-dist/tex/generic/xypic/xycmtip.tex
 Xy-pic option: Computer Modern tip extension v.3.7
(/usr/share/texlive/texmf-dist/tex/generic/xypic/xytips.tex
 Xy-pic option: More Tips extension v.3.11 loaded) loaded)
(/usr/share/texlive/texmf-dist/tex/generic/xypic/xyline.tex
 Xy-pic option: Line styles extension v.3.10
\xylinethick@=\dimen173
 loaded)
(/usr/share/texlive/texmf-dist/tex/generic/xypic/xyrotate.tex
 Xy-pic option: Rotate and Scale extension v.3.8 loaded)
(/usr/share/texlive/texmf-dist/tex/generic/xypic/xycolor.tex
 Xy-pic option: Colour extension v.3.11 loaded)
(/usr/share/texlive/texmf-dist/tex/generic/xypic/xymatrix.tex
 Xy-pic option: Matrix feature v.3.14
\Row=\count154
\Col=\count155
\queue@=\toks28
\queue@@=\toks29
\qcount@=\count156
\qcount@@=\count157
\matrixsize@=\count158
 loaded)
(/usr/share/texlive/texmf-dist/tex/generic/xypic/xyarrow.tex
 Xy-pic option: Arrow and Path feature v.3.9 path, \ar, loaded)
(/usr/share/texlive/texmf-dist/tex/generic/xypic/xygraph.tex
 Xy-pic option: Graph feature v.3.11 loaded) loaded)
(/usr/share/texlive/texmf-dist/tex/generic/xypic/xypdf.tex
 Xy-pic option: PDF driver v.1.7 Xy-pic pdf driver: `color' extension support
(/usr/share/texlive/texmf-dist/tex/generic/xypic/xypdf-co.tex loaded)
Xy-pic pdf driver: `curve' extension support
(/usr/share/texlive/texmf-dist/tex/generic/xypic/xypdf-cu.tex loaded)
Xy-pic pdf driver: `frame' extension support
(/usr/share/texlive/texmf-dist/tex/generic/xypic/xypdf-fr.tex loaded)
Xy-pic pdf driver: `line' extension support
(/usr/share/texlive/texmf-dist/tex/generic/xypic/xypdf-li.tex loaded)
Xy-pic pdf driver: `rotate' extension support
(/usr/share/texlive/texmf-dist/tex/generic/xypic/xypdf-ro.tex loaded) loaded))
(/usr/share/texlive/texmf-dist/tex/latex/listings/listings.sty
\lst@mode=\count159
\lst@gtempboxa=\box32
\lst@token=\toks30
\lst@length=\count160
\lst@currlwidth=\dimen174
\lst@column=\count161
\lst@pos=\count162
\lst@lostspace=\dimen175
\lst@width=\dimen176
\lst@newlines=\count163
\lst@lineno=\count164
\lst@maxwidth=\dimen177

(/usr/share/texlive/texmf-dist/tex/latex/listings/lstmisc.sty
File: lstmisc.sty 2015/06/04 1.6 (Carsten Heinz)
\c@lstnumber=\count165
\lst@skipnumbers=\count166
\lst@framebox=\box33
)
(/usr/share/texlive/texmf-dist/tex/latex/listings/listings.cfg
File: listings.cfg 2015/06/04 1.6 listings configuration
))
Package: listings 2015/06/04 1.6 (Carsten Heinz)

(/usr/share/texlive/texmf-dist/tex/generic/babel/babel.sty
Package: babel 2016/02/24 3.9q The Babel package

(/usr/share/texlive/texmf-dist/tex/generic/babel-spanish/spanish.ldf
Language: spanish.ldf 2016/01/15 v5.0o Spanish support from the babel system

(/usr/share/texlive/texmf-dist/tex/generic/babel/babel.def
File: babel.def 2016/02/24 3.9q Babel common definitions
\babel@savecnt=\count167
\U@D=\dimen178
)
\es@quottoks=\toks31
\es@quotdepth=\count168
Package babel Info: Making " an active character on input line 533.
Package babel Info: Making . an active character on input line 634.
Package babel Info: Making < an active character on input line 679.
Package babel Info: Making > an active character on input line 679.
))
(/usr/share/texlive/texmf-dist/tex/latex/float/float.sty
Package: float 2001/11/08 v1.3d Float enhancements (AL)
\c@float@type=\count169
\float@exts=\toks32
\float@box=\box34
\@float@everytoks=\toks33
\@floatcapt=\box35
)
(/usr/share/texlive/texmf-dist/tex/latex/eurosym/eurosym.sty
Package: eurosym 1998/08/06 v1.1 European currency symbol ``Euro''
\@eurobox=\box36
)
(/usr/share/texlive/texmf-dist/tex/latex/multirow/multirow.sty
\bigstrutjot=\dimen179
)
(/usr/share/texlive/texmf-dist/tex/latex/rotating/rotating.sty
Package: rotating 2009/03/28 v2.16a rotated objects in LaTeX

(/usr/share/texlive/texmf-dist/tex/latex/graphics/graphicx.sty
Package: graphicx 2014/10/28 v1.0g Enhanced LaTeX Graphics (DPC,SPQR)

(/usr/share/texlive/texmf-dist/tex/latex/graphics/graphics.sty
Package: graphics 2016/01/03 v1.0q Standard LaTeX Graphics (DPC,SPQR)

(/usr/share/texlive/texmf-dist/tex/latex/graphics/trig.sty
Package: trig 2016/01/03 v1.10 sin cos tan (DPC)
)
(/usr/share/texlive/texmf-dist/tex/latex/latexconfig/graphics.cfg
File: graphics.cfg 2010/04/23 v1.9 graphics configuration of TeX Live
)
Package graphics Info: Driver file: pdftex.def on input line 95.

(/usr/share/texlive/texmf-dist/tex/latex/pdftex-def/pdftex.def
File: pdftex.def 2011/05/27 v0.06d Graphics/color for pdfTeX
\Gread@gobject=\count170
))
\Gin@req@height=\dimen180
\Gin@req@width=\dimen181
)
(/usr/share/texlive/texmf-dist/tex/latex/base/ifthen.sty
Package: ifthen 2014/09/29 v1.1c Standard LaTeX ifthen package (DPC)
)
\c@r@tfl@t=\count171
\rotFPtop=\skip60
\rotFPbot=\skip61
\rot@float@box=\box37
\rot@mess@toks=\toks34
)
(/usr/share/texlive/texmf-dist/tex/latex/graphics/color.sty
Package: color 2016/01/03 v1.1b Standard LaTeX Color (DPC)

(/usr/share/texlive/texmf-dist/tex/latex/latexconfig/color.cfg
File: color.cfg 2007/01/18 v1.5 color configuration of teTeX/TeXLive
)
Package color Info: Driver file: pdftex.def on input line 143.
)
(/usr/share/texlive/texmf-dist/tex/latex/colortbl/colortbl.sty
Package: colortbl 2012/02/13 v1.0a Color table columns (DPC)

(/usr/share/texlive/texmf-dist/tex/latex/tools/array.sty
Package: array 2014/10/28 v2.4c Tabular extension package (FMi)
\col@sep=\dimen182
\extrarowheight=\dimen183
\NC@list=\toks35
\extratabsurround=\skip62
\backup@length=\skip63
)
\everycr=\toks36
\minrowclearance=\skip64
)
(/usr/share/texlive/texmf-dist/tex/latex/xcolor/xcolor.sty
Package: xcolor 2007/01/21 v2.11 LaTeX color extensions (UK)

(/usr/share/texlive/texmf-dist/tex/latex/latexconfig/color.cfg
File: color.cfg 2007/01/18 v1.5 color configuration of teTeX/TeXLive
)
Package xcolor Info: Driver file: pdftex.def on input line 225.
LaTeX Info: Redefining \color on input line 702.
\rownum=\count172
Package xcolor Info: Model `cmy' substituted by `cmy0' on input line 1337.
Package xcolor Info: Model `hsb' substituted by `rgb' on input line 1341.
Package xcolor Info: Model `RGB' extended on input line 1353.
Package xcolor Info: Model `HTML' substituted by `rgb' on input line 1355.
Package xcolor Info: Model `Hsb' substituted by `hsb' on input line 1356.
Package xcolor Info: Model `tHsb' substituted by `hsb' on input line 1357.
Package xcolor Info: Model `HSB' substituted by `hsb' on input line 1358.
Package xcolor Info: Model `Gray' substituted by `gray' on input line 1359.
Package xcolor Info: Model `wave' substituted by `hsb' on input line 1360.
)
(/usr/share/texlive/texmf-dist/tex/latex/tools/enumerate.sty
Package: enumerate 2015/07/23 v3.00 enumerate extensions (DPC)
\@enLab=\toks37
)
(/usr/share/texlive/texmf-dist/tex/latex/subfig/subfig.sty
Package: subfig 2005/06/28 ver: 1.3 subfig package
\c@KVtest=\count173
\sf@farskip=\skip65
\sf@captopadj=\dimen184
\sf@capskip=\skip66
\sf@nearskip=\skip67
\c@subfigure=\count174
\c@subfigure@save=\count175
\c@lofdepth=\count176
\c@subtable=\count177
\c@subtable@save=\count178
\c@lotdepth=\count179
\sf@top=\skip68
\sf@bottom=\skip69
)
(/usr/share/texlive/texmf-dist/tex/latex/tools/afterpage.sty
Package: afterpage 2014/10/28 v1.08 After-Page Package (DPC)
\AP@output=\toks38
\AP@partial=\box38
\AP@footins=\box39
)
(/usr/share/texlive/texmf-dist/tex/latex/glossaries/base/glossaries.sty
Package: glossaries 2016/01/24 v4.21 (NLCT)

(/usr/share/texlive/texmf-dist/tex/latex/xkeyval/xkeyval.sty
Package: xkeyval 2014/12/03 v2.7a package option processing (HA)

(/usr/share/texlive/texmf-dist/tex/generic/xkeyval/xkeyval.tex
(/usr/share/texlive/texmf-dist/tex/generic/xkeyval/xkvutils.tex
\XKV@toks=\toks39
\XKV@tempa@toks=\toks40
)
\XKV@depth=\count180
File: xkeyval.tex 2014/12/03 v2.7a key=value parser (HA)
))
(/usr/share/texlive/texmf-dist/tex/latex/mfirstuc/mfirstuc.sty
Package: mfirstuc 2015/12/17 v2.02 (NLCT)

(/usr/share/texlive/texmf-dist/tex/latex/etoolbox/etoolbox.sty
Package: etoolbox 2015/08/02 v2.2a e-TeX tools for LaTeX (JAW)
\etb@tempcnta=\count181
)
\@glsmfirst=\toks41
\@glsmrest=\toks42
)
(/usr/share/texlive/texmf-dist/tex/latex/textcase/textcase.sty
Package: textcase 2004/10/07 v0.07 Text only upper/lower case changing (DPC)
)
(/usr/share/texlive/texmf-dist/tex/latex/xfor/xfor.sty
Package: xfor 2009/02/05 v1.05 (NLCT)
)
(/usr/share/texlive/texmf-dist/tex/latex/datatool/datatool-base.sty
Package: datatool-base 2016/01/18 v2.25 (NLCT)

(/usr/share/texlive/texmf-dist/tex/latex/substr/substr.sty
Package: substr 2009/10/20 v1.2 Handle substrings
\c@su@anzahl=\count182
)
(/usr/share/texlive/texmf-dist/tex/latex/datatool/datatool-fp.sty
Package: datatool-fp 2016/01/18 v2.25 (NLCT)

(/usr/share/texlive/texmf-dist/tex/latex/fp/fp.sty
Package: fp 1995/04/02

`Fixed Point Package', Version 0.8, April 2, 1995 (C) Michael Mehlich
(/usr/share/texlive/texmf-dist/tex/latex/fp/defpattern.sty
Package: defpattern 1994/10/12
\actioncount=\count183
)
(/usr/share/texlive/texmf-dist/tex/latex/fp/fp-basic.sty
Package: fp-basic 1996/05/13
\FP@xs=\count184
\FP@xia=\count185
\FP@xib=\count186
\FP@xfa=\count187
\FP@xfb=\count188
\FP@rega=\count189
\FP@regb=\count190
\FP@regs=\count191
\FP@times=\count192
)
(/usr/share/texlive/texmf-dist/tex/latex/fp/fp-addons.sty
Package: fp-addons 1995/03/15
)
(/usr/share/texlive/texmf-dist/tex/latex/fp/fp-snap.sty
Package: fp-snap 1995/04/05
)
(/usr/share/texlive/texmf-dist/tex/latex/fp/fp-exp.sty
Package: fp-exp 1995/04/03
)
(/usr/share/texlive/texmf-dist/tex/latex/fp/fp-trigo.sty
Package: fp-trigo 1995/04/14
)
(/usr/share/texlive/texmf-dist/tex/latex/fp/fp-pas.sty
Package: fp-pas 1994/08/29
)
(/usr/share/texlive/texmf-dist/tex/latex/fp/fp-random.sty
Package: fp-random 1995/02/23
\FPseed=\count193
)
(/usr/share/texlive/texmf-dist/tex/latex/fp/fp-eqn.sty
Package: fp-eqn 1995/04/03
)
(/usr/share/texlive/texmf-dist/tex/latex/fp/fp-upn.sty
Package: fp-upn 1996/10/21
)
(/usr/share/texlive/texmf-dist/tex/latex/fp/fp-eval.sty
Package: fp-eval 1995/04/03
)))
\@dtl@toks=\toks43
\@dtl@tmpcount=\count194
\dtl@tmplength=\skip70
\dtl@sortresult=\count195
\@dtl@numgrpsepcount=\count196
\@dtl@datatype=\count197
\dtl@codeA=\count198
\dtl@codeB=\count199
\@dtl@foreach@level=\count266
)
(/usr/share/texlive/texmf-dist/tex/latex/glossaries/base/glossaries-compatible-
307.sty
Package: glossaries-compatible-307 2016/01/24 v4.21 (NLCT)
) (/usr/share/texlive/texmf-dist/tex/latex/tracklang/tracklang.sty
Package: tracklang 2015/03/23 v1.2 (NLCT) Track Languages

(/usr/share/texlive/texmf-dist/tex/generic/tracklang/tracklang.tex))
(/usr/share/texlive/texmf-dist/tex/latex/beamer/translator/translator.sty
Package: translator 2010/06/12 ver 1.10

(/usr/share/texlive/texmf-dist/tex/latex/beamer/translator/translator-language-
mappings.tex))
(/usr/share/texlive/texmf-dist/tex/latex/glossaries-spanish/glossaries-spanish.
ldf
File: glossaries-spanish.ldf 2014/11/23 v1.0

(/usr/share/texlive/texmf-dist/tex/latex/glossaries-spanish/glossaries-spanish-
utf8.ldf))
\gls@level=\count267
\@gls@tmpb=\toks44
\gls@tmplen=\skip71
\glskeylisttok=\toks45
\glslabeltok=\toks46
\glsshorttok=\toks47
\glslongtok=\toks48

(/usr/share/texlive/texmf-dist/tex/latex/glossaries/styles/glossary-hypernav.st
y
Package: glossary-hypernav 2016/01/24 v4.21 (NLCT)
) (/usr/share/texlive/texmf-dist/tex/latex/glossaries/styles/glossary-list.sty
Package: glossary-list 2016/01/24 v4.21 (NLCT)
\glslistdottedwidth=\skip72
) (/usr/share/texlive/texmf-dist/tex/latex/glossaries/styles/glossary-long.sty
Package: glossary-long 2016/01/24 v4.21 (NLCT)

(/usr/share/texlive/texmf-dist/tex/latex/tools/longtable.sty
Package: longtable 2014/10/28 v4.11 Multi-page Table package (DPC)
\LTleft=\skip73
\LTright=\skip74
\LTpre=\skip75
\LTpost=\skip76
\LTchunksize=\count268
\LTcapwidth=\dimen185
\LT@head=\box40
\LT@firsthead=\box41
\LT@foot=\box42
\LT@lastfoot=\box43
\LT@cols=\count269
\LT@rows=\count270
\c@LT@tables=\count271
\c@LT@chunks=\count272
\LT@p@ftn=\toks49
)
\glsdescwidth=\skip77
\glspagelistwidth=\skip78
)
(/usr/share/texlive/texmf-dist/tex/latex/glossaries/styles/glossary-super.sty
Package: glossary-super 2016/01/24 v4.21 (NLCT)

(/usr/share/texlive/texmf-dist/tex/latex/supertabular/supertabular.sty
Package: supertabular 2004/02/20 v4.1e the supertabular environment
\c@tracingst=\count273
\ST@wd=\dimen186
\ST@rightskip=\skip79
\ST@leftskip=\skip80
\ST@parfillskip=\skip81
\ST@pageleft=\dimen187
\ST@headht=\dimen188
\ST@tailht=\dimen189
\ST@pagesofar=\dimen190
\ST@pboxht=\dimen191
\ST@lineht=\dimen192
\ST@stretchht=\dimen193
\ST@prevht=\dimen194
\ST@toadd=\dimen195
\ST@dimen=\dimen196
\ST@pbox=\box44
))
(/usr/share/texlive/texmf-dist/tex/latex/glossaries/styles/glossary-tree.sty
Package: glossary-tree 2016/01/24 v4.21 (NLCT)
\glstreeindent=\skip82
))
\glswrite=\write4
\glo@main@file=\write5
\openout5 = `TFG.glo'.

Package glossaries Info: Writing glossary file TFG.glo on input line 39.
\glo@acronym@file=\write6
\openout6 = `TFG.acn'.

Package glossaries Info: Writing glossary file TFG.acn on input line 39.

(./TFG.aux
LaTeX Info: Redefining \. on input line 30.
LaTeX Info: Redefining \% on input line 30.
 (./1-Introduccion.aux) (./2-Objetivos.aux) (./3-Infraestructura.aux) (./4-Desa
rrollo.aux) (./5-Experimentos.aux) (./6-Conclusiones.aux))
\openout1 = `TFG.aux'.

LaTeX Font Info:    Checking defaults for OML/cmm/m/it on input line 47.
LaTeX Font Info:    ... okay on input line 47.
LaTeX Font Info:    Checking defaults for T1/cmr/m/n on input line 47.
LaTeX Font Info:    ... okay on input line 47.
LaTeX Font Info:    Checking defaults for OT1/cmr/m/n on input line 47.
LaTeX Font Info:    ... okay on input line 47.
LaTeX Font Info:    Checking defaults for OMS/cmsy/m/n on input line 47.
LaTeX Font Info:    ... okay on input line 47.
LaTeX Font Info:    Checking defaults for OMX/cmex/m/n on input line 47.
LaTeX Font Info:    ... okay on input line 47.
LaTeX Font Info:    Checking defaults for U/cmr/m/n on input line 47.
LaTeX Font Info:    ... okay on input line 47.
LaTeX Font Info:    Checking defaults for PD1/pdf/m/n on input line 47.
LaTeX Font Info:    ... okay on input line 47.
LaTeX Font Info:    Try loading font information for OT1+lmr on input line 47.

(/usr/share/texmf/tex/latex/lm/ot1lmr.fd
File: ot1lmr.fd 2009/10/30 v1.6 Font defs for Latin Modern
)
*geometry* driver: auto-detecting
*geometry* detected driver: pdftex
*geometry* verbose mode - [ preamble ] result:
* driver: pdftex
* paper: custom
* layout: <same size as paper>
* layoutoffset:(h,v)=(0.0pt,0.0pt)
* modes: 
* h-part:(L,W,R)=(86.72377pt, 440.84746pt, 86.72377pt)
* v-part:(T,H,B)=(86.72377pt, 599.84122pt, 108.405pt)
* \paperwidth=614.295pt
* \paperheight=794.96999pt
* \textwidth=440.84746pt
* \textheight=599.84122pt
* \oddsidemargin=14.45378pt
* \evensidemargin=14.45378pt
* \topmargin=-17.42001pt
* \headheight=16.0pt
* \headsep=19.8738pt
* \topskip=12.0pt
* \footskip=30.0pt
* \marginparwidth=38.0pt
* \marginparsep=7.0pt
* \columnsep=10.0pt
* \skip\footins=10.8pt plus 4.0pt minus 2.0pt
* \hoffset=0.0pt
* \voffset=0.0pt
* \mag=1000
* \@twocolumnfalse
* \@twosidefalse
* \@mparswitchfalse
* \@reversemarginfalse
* (1in=72.27pt=25.4mm, 1cm=28.453pt)

Package caption Info: Begin \AtBeginDocument code.
Package caption Info: subfig package v1.3 is loaded.
Package caption Info: float package is loaded.
Package caption Info: hyperref package is loaded.
Package caption Info: listings package is loaded.
Package caption Info: longtable package is loaded.
(/usr/share/texlive/texmf-dist/tex/latex/caption/ltcaption.sty
Package: ltcaption 2013/06/09 v1.4-94 longtable captions (AR)
)
Package caption Info: rotating package is loaded.
Package caption Info: supertabular package is loaded.
Package caption Info: End \AtBeginDocument code.
\AtBeginShipoutBox=\box45
Package hyperref Info: Link coloring OFF on input line 47.

(/usr/share/texlive/texmf-dist/tex/latex/hyperref/nameref.sty
Package: nameref 2012/10/27 v2.43 Cross-referencing by name of section

(/usr/share/texlive/texmf-dist/tex/generic/oberdiek/gettitlestring.sty
Package: gettitlestring 2010/12/03 v1.4 Cleanup title references (HO)
)
\c@section@level=\count274
)
LaTeX Info: Redefining \ref on input line 47.
LaTeX Info: Redefining \pageref on input line 47.
LaTeX Info: Redefining \nameref on input line 47.

(./TFG.out) (./TFG.out)
\@outlinefile=\write7
\openout7 = `TFG.out'.

LaTeX Font Info:    Try loading font information for OML+lmm on input line 47.
 (/usr/share/texmf/tex/latex/lm/omllmm.fd
File: omllmm.fd 2009/10/30 v1.6 Font defs for Latin Modern
)
LaTeX Font Info:    Try loading font information for OMS+lmsy on input line 47.


(/usr/share/texmf/tex/latex/lm/omslmsy.fd
File: omslmsy.fd 2009/10/30 v1.6 Font defs for Latin Modern
)
LaTeX Font Info:    Try loading font information for OMX+lmex on input line 47.


(/usr/share/texmf/tex/latex/lm/omxlmex.fd
File: omxlmex.fd 2009/10/30 v1.6 Font defs for Latin Modern
)
LaTeX Font Info:    External font `lmex10' loaded for size
(Font)              <12> on input line 47.
LaTeX Font Info:    External font `lmex10' loaded for size
(Font)              <8> on input line 47.
LaTeX Font Info:    External font `lmex10' loaded for size
(Font)              <6> on input line 47.
Package xypdf Info: Line width: 0.39998pt on input line 47.
\c@lstlisting=\count275
LaTeX Info: Redefining \. on input line 47.
LaTeX Info: Redefining \% on input line 47.

(/usr/share/texlive/texmf-dist/tex/context/base/supp-pdf.mkii
[Loading MPS to PDF converter (version 2006.09.02).]
\scratchcounter=\count276
\scratchdimen=\dimen197
\scratchbox=\box46
\nofMPsegments=\count277
\nofMParguments=\count278
\everyMPshowfont=\toks50
\MPscratchCnt=\count279
\MPscratchDim=\dimen198
\MPnumerator=\count280
\makeMPintoPDFobject=\count281
\everyMPtoPDFconversion=\toks51
) (/usr/share/texlive/texmf-dist/tex/latex/oberdiek/epstopdf-base.sty
Package: epstopdf-base 2010/02/09 v2.5 Base part for package epstopdf

(/usr/share/texlive/texmf-dist/tex/latex/oberdiek/grfext.sty
Package: grfext 2010/08/19 v1.1 Manage graphics extensions (HO)
)
Package grfext Info: Graphics extension search list:
(grfext)             [.png,.pdf,.jpg,.mps,.jpeg,.jbig2,.jb2,.PNG,.PDF,.JPG,.JPE
G,.JBIG2,.JB2,.eps]
(grfext)             \AppendGraphicsExtensions on input line 452.

(/usr/share/texlive/texmf-dist/tex/latex/latexconfig/epstopdf-sys.cfg
File: epstopdf-sys.cfg 2010/07/13 v1.3 Configuration of (r)epstopdf for TeX Liv
e
))
<imag/logo.jpg, id=244, 632.3625pt x 321.2pt>
File: imag/logo.jpg Graphic file (type jpg)
 <use imag/logo.jpg>
Package pdftex.def Info: imag/logo.jpg used on input line 52.
(pdftex.def)             Requested size: 352.6793pt x 179.1405pt.
LaTeX Font Info:    Try loading font information for OT1+lmss on input line 63.


(/usr/share/texmf/tex/latex/lm/ot1lmss.fd
File: ot1lmss.fd 2009/10/30 v1.6 Font defs for Latin Modern
) [1

\openout4 = `TFG.ist'.


{/var/lib/texmf/fonts/map/pdftex/updmap/pdftex.map} <./imag/logo.jpg>]pdfTeX wa
rning (ext4): destination with the same identifier (name{page.1}) has been alre
ady used, duplicate ignored
<to be read again> 
                   \relax 
l.89 \chapter
             *{Agradecimientos} [1

] [1] [2

] (./TFG.toc
LaTeX Info: Redefining \. on input line 1.
LaTeX Info: Redefining \% on input line 1.
 [3

]
LaTeX Info: Redefining \. on input line 55.
LaTeX Info: Redefining \% on input line 55.
 [4])
\tf@toc=\write8
\openout8 = `TFG.toc'.

LaTeX Info: Redefining \. on input line 109.
LaTeX Info: Redefining \% on input line 109.
 [5] (./TFG.lof
LaTeX Info: Redefining \. on input line 1.
LaTeX Info: Redefining \% on input line 1.

[6

])
\tf@lof=\write9
\openout9 = `TFG.lof'.

LaTeX Info: Redefining \. on input line 111.
LaTeX Info: Redefining \% on input line 111.
 [7]
\openout2 = `1-Introduccion.aux'.

 (./1-Introduccion.tex
Cap\'{\i }tulo 1.
pdfTeX warning (ext4): destination with the same identifier (name{page.1}) has 
been already used, duplicate ignored
<to be read again> 
                   \relax 
l.11 U
      n actuador es un dispositivo capaz de transformar energa hidrulica...
[1



] <imag/curiosity_marte.jpg, id=429, 484.81125pt x 272.51813pt>
File: imag/curiosity_marte.jpg Graphic file (type jpg)

<use imag/curiosity_marte.jpg>
Package pdftex.def Info: imag/curiosity_marte.jpg used on input line 25.
(pdftex.def)             Requested size: 198.7739pt x 111.73315pt.

<imag/teleoperacion.jpg, id=430, 903.375pt x 602.25pt>
File: imag/teleoperacion.jpg Graphic file (type jpg)

<use imag/teleoperacion.jpg>
Package pdftex.def Info: imag/teleoperacion.jpg used on input line 26.
(pdftex.def)             Requested size: 180.6718pt x 120.44786pt.
LaTeX Info: Redefining \. on input line 34.
LaTeX Info: Redefining \% on input line 34.
 [2]
LaTeX Font Info:    External font `lmex10' loaded for size
(Font)              <10> on input line 37.
LaTeX Font Info:    External font `lmex10' loaded for size
(Font)              <7> on input line 37.
LaTeX Font Info:    External font `lmex10' loaded for size
(Font)              <5> on input line 37.

<imag/robotSales.png, id=437, 564.1075pt x 341.275pt>
File: imag/robotSales.png Graphic file (type png)

<use imag/robotSales.png>
Package pdftex.def Info: imag/robotSales.png used on input line 41.
(pdftex.def)             Requested size: 423.07957pt x 255.95561pt.
LaTeX Font Info:    Try loading font information for OT1+lmtt on input line 50.

 (/usr/share/texmf/tex/latex/lm/ot1lmtt.fd
File: ot1lmtt.fd 2009/10/30 v1.6 Font defs for Latin Modern
)
LaTeX Info: Redefining \. on input line 51.
LaTeX Info: Redefining \% on input line 51.
 [3 <./imag/curiosity_marte.jpg> <./imag/teleoperacion.jpg>]
LaTeX Info: Redefining \. on input line 60.
LaTeX Info: Redefining \% on input line 60.
 [4 <./imag/robotSales.png>]
<imag/tesla-autopilot.jpg, id=464, 627.34375pt x 355.3275pt>
File: imag/tesla-autopilot.jpg Graphic file (type jpg)

<use imag/tesla-autopilot.jpg>
Package pdftex.def Info: imag/tesla-autopilot.jpg used on input line 73.
(pdftex.def)             Requested size: 131.74606pt x 74.62097pt.

<imag/air_dog.jpg, id=465, 632.3625pt x 357.335pt>
File: imag/air_dog.jpg Graphic file (type jpg)
 <use imag/air_dog.jpg>
Package pdftex.def Info: imag/air_dog.jpg used on input line 74.
(pdftex.def)             Requested size: 132.80003pt x 75.04256pt.

<imag/pepper.jpeg, id=466, 303.1325pt x 167.62625pt>
File: imag/pepper.jpeg Graphic file (type jpg)
 <use imag/pepper.jpeg>
Package pdftex.def Info: imag/pepper.jpeg used on input line 75.
(pdftex.def)             Requested size: 121.25084pt x 67.0493pt.

Underfull \hbox (badness 6944) in paragraph at lines 75--75
[]\OT1/lmr/m/n/10 (c) |Ro-bot PEP-PER en
 []

LaTeX Info: Redefining \. on input line 84.
LaTeX Info: Redefining \% on input line 84.
[5]
LaTeX Info: Redefining \. on input line 90.
LaTeX Info: Redefining \% on input line 90.
 [6 <./imag/tesla-autopilot.jpg> <./imag/air_dog.jpg> <./imag/pepper.jpeg>]
<imag/gazebo2.png, id=480, 963.6pt x 578.16pt>
File: imag/gazebo2.png Graphic file (type png)
 <use imag/gazebo2.png>
Package pdftex.def Info: imag/gazebo2.png used on input line 95.
(pdftex.def)             Requested size: 289.08223pt x 173.44933pt.
LaTeX Info: Redefining \. on input line 106.
LaTeX Info: Redefining \% on input line 106.
 [7 <./imag/gazebo2.png>]
LaTeX Info: Redefining \. on input line 114.
LaTeX Info: Redefining \% on input line 114.
 [8]
<imag/robotic_vision1.jpg, id=497, 344.2461pt x 368.3361pt>
File: imag/robotic_vision1.jpg Graphic file (type jpg)

<use imag/robotic_vision1.jpg>
Package pdftex.def Info: imag/robotic_vision1.jpg used on input line 124.
(pdftex.def)             Requested size: 137.69598pt x 147.33182pt.

<imag/mapaimagen.jpg, id=498, 995.97093pt x 480.29437pt>
File: imag/mapaimagen.jpg Graphic file (type jpg)

<use imag/mapaimagen.jpg>
Package pdftex.def Info: imag/mapaimagen.jpg used on input line 125.
(pdftex.def)             Requested size: 253.97682pt x 122.4771pt.
LaTeX Info: Redefining \. on input line 135.
LaTeX Info: Redefining \% on input line 135.
 [9]
<imag/predator.jpg, id=504, 629.35126pt x 353.32pt>
File: imag/predator.jpg Graphic file (type jpg)
 <use imag/predator.jpg>
Package pdftex.def Info: imag/predator.jpg used on input line 141.
(pdftex.def)             Requested size: 157.33742pt x 88.32977pt.
LaTeX Info: Redefining \. on input line 150.
LaTeX Info: Redefining \% on input line 150.

[10 <./imag/robotic_vision1.jpg> <./imag/mapaimagen.jpg> <./imag/predator.jpg>]
<imag/prime-air_03.jpg, id=519, 1227.3855pt x 847.968pt>
File: imag/prime-air_03.jpg Graphic file (type jpg)

<use imag/prime-air_03.jpg>
Package pdftex.def Info: imag/prime-air_03.jpg used on input line 159.
(pdftex.def)             Requested size: 171.8328pt x 118.7147pt.

<imag/inteldrones.jpg, id=520, 697.10437pt x 464.4853pt>
File: imag/inteldrones.jpg Graphic file (type jpg)

<use imag/inteldrones.jpg>
Package pdftex.def Info: imag/inteldrones.jpg used on input line 160.
(pdftex.def)             Requested size: 181.24286pt x 120.76332pt.
LaTeX Info: Redefining \. on input line 170.
LaTeX Info: Redefining \% on input line 170.
 [11]
LaTeX Info: Redefining \. on input line 177.
LaTeX Info: Redefining \% on input line 177.
 [12 <./imag/prime-air_03.jpg> <./imag/inteldrones.jpg>] <imag/rotores.png, id=
542, 695.59875pt x 438.63875pt>
File: imag/rotores.png Graphic file (type png)

<use imag/rotores.png>
Package pdftex.def Info: imag/rotores.png used on input line 181.
(pdftex.def)             Requested size: 417.36247pt x 263.18527pt.
LaTeX Info: Redefining \. on input line 191.
LaTeX Info: Redefining \% on input line 191.
 [13 <./imag/rotores.png>]
<imag/uav_viewer.png, id=553, 975.645pt x 641.39626pt>
File: imag/uav_viewer.png Graphic file (type png)

<use imag/uav_viewer.png>
Package pdftex.def Info: imag/uav_viewer.png used on input line 203.
(pdftex.def)             Requested size: 341.48087pt x 224.49205pt.
LaTeX Info: Redefining \. on input line 206.
LaTeX Info: Redefining \% on input line 206.
 [14]
<imag/ArDrone_model.png, id=564, 605.26125pt x 421.575pt>
File: imag/ArDrone_model.png Graphic file (type png)

<use imag/ArDrone_model.png>
Package pdftex.def Info: imag/ArDrone_model.png used on input line 212.
(pdftex.def)             Requested size: 188.23859pt x 131.11145pt.

<imag/danielyaguedrone.jpg, id=565, 1235.36531pt x 700.11563pt>
File: imag/danielyaguedrone.jpg Graphic file (type jpg)

<use imag/danielyaguedrone.jpg>
Package pdftex.def Info: imag/danielyaguedrone.jpg used on input line 213.
(pdftex.def)             Requested size: 234.72185pt x 133.02335pt.

<imag/ejemploautolocalizacion.jpg, id=569, 721.19438pt x 401.24907pt>
File: imag/ejemploautolocalizacion.jpg Graphic file (type jpg)

<use imag/ejemploautolocalizacion.jpg>
Package pdftex.def Info: imag/ejemploautolocalizacion.jpg used on input line 22
2.
(pdftex.def)             Requested size: 396.65814pt x 220.68765pt.

<imag/L_CenteringCar.png, id=572, 1927.2pt x 1084.05pt>
File: imag/L_CenteringCar.png Graphic file (type png)

<use imag/L_CenteringCar.png>
Package pdftex.def Info: imag/L_CenteringCar.png used on input line 232.
(pdftex.def)             Requested size: 231.25403pt x 130.08038pt.

<imag/aterrizajereal.jpg, id=573, 855.195pt x 621.82312pt>
File: imag/aterrizajereal.jpg Graphic file (type jpg)

<use imag/aterrizajereal.jpg>
Package pdftex.def Info: imag/aterrizajereal.jpg used on input line 233.
(pdftex.def)             Requested size: 188.14348pt x 136.8015pt.
LaTeX Info: Redefining \. on input line 236.
LaTeX Info: Redefining \% on input line 236.
 [15 <./imag/uav_viewer.png>]
LaTeX Info: Redefining \. on input line 236.
LaTeX Info: Redefining \% on input line 236.
 [16 <./imag/ArDrone_model.png> <./imag/danielyaguedrone.jpg> <./imag/ejemploau
tolocalizacion.jpg>]
<imag/SlamMarkersJesus.jpg, id=591, 1369.36594pt x 712.91344pt>
File: imag/SlamMarkersJesus.jpg Graphic file (type jpg)

<use imag/SlamMarkersJesus.jpg>
Package pdftex.def Info: imag/SlamMarkersJesus.jpg used on input line 242.
(pdftex.def)             Requested size: 342.34065pt x 178.22792pt.
LaTeX Info: Redefining \. on input line 250.
LaTeX Info: Redefining \% on input line 250.
 [17 <./imag/L_CenteringCar.png> <./imag/aterrizajereal.jpg> <./imag/SlamMarker
sJesus.jpg>])
LaTeX Info: Redefining \. on input line 118.
LaTeX Info: Redefining \% on input line 118.
 [18]
\openout2 = `2-Objetivos.aux'.

 (./2-Objetivos.tex
Cap\'{\i }tulo 2.
[19



]
LaTeX Info: Redefining \. on input line 49.
LaTeX Info: Redefining \% on input line 49.
 [20] <imag/desarrollo_en_espiral.png, id=618, 360.34625pt x 194.7275pt>
File: imag/desarrollo_en_espiral.png Graphic file (type png)

<use imag/desarrollo_en_espiral.png>
Package pdftex.def Info: imag/desarrollo_en_espiral.png used on input line 59.
(pdftex.def)             Requested size: 256.0748pt x 138.3793pt.
LaTeX Info: Redefining \. on input line 65.
LaTeX Info: Redefining \% on input line 65.
 [21 <./imag/desarrollo_en_espiral.png>]
LaTeX Info: Redefining \. on input line 81.
LaTeX Info: Redefining \% on input line 81.

[22])
LaTeX Info: Redefining \. on input line 120.
LaTeX Info: Redefining \% on input line 120.
 [23]
\openout2 = `3-Infraestructura.aux'.

 (./3-Infraestructura.tex
Cap\'{\i }tulo 3.
[24



] <imag/ics.jpg, id=653, 622.325pt x 374.39874pt>
File: imag/ics.jpg Graphic file (type jpg)
 <use imag/ics.jpg>
Package pdftex.def Info: imag/ics.jpg used on input line 40.
(pdftex.def)             Requested size: 373.39787pt x 224.64098pt.
LaTeX Info: Redefining \. on input line 48.
LaTeX Info: Redefining \% on input line 48.

[25 <./imag/ics.jpg>] <imag/apriltag.png, id=661, 160.6pt x 120.45pt>
File: imag/apriltag.png Graphic file (type png)

<use imag/apriltag.png>
Package pdftex.def Info: imag/apriltag.png used on input line 58.
(pdftex.def)             Requested size: 250.53497pt x 187.90121pt.
LaTeX Info: Redefining \. on input line 64.
LaTeX Info: Redefining \% on input line 64.
 [26]
<imag/apriltags-codes.png, id=670, 2051.665pt x 393.47pt>
File: imag/apriltags-codes.png Graphic file (type png)

<use imag/apriltags-codes.png>
Package pdftex.def Info: imag/apriltags-codes.png used on input line 74.
(pdftex.def)             Requested size: 410.32573pt x 78.6926pt.
LaTeX Info: Redefining \. on input line 80.
LaTeX Info: Redefining \% on input line 80.
 [27 <./imag/apriltag.png>]
Overfull \hbox (8.66455pt too wide) in paragraph at lines 87--88
[]\OT1/lmr/m/n/12 Durante el desa-rro-llo de es-te TFG, com-po-nen-tes de es-ta
 pla-ta-for-ma co-mo \OT1/lmtt/m/n/12 uav[]viewer\OT1/lmr/m/n/12 ,
 []

LaTeX Info: Redefining \. on input line 95.
LaTeX Info: Redefining \% on input line 95.
[28 <./imag/apriltags-codes.png>]
<imag/ardrone_server_structure.png, id=686, 947.54pt x 290.08376pt>
File: imag/ardrone_server_structure.png Graphic file (type png)

<use imag/ardrone_server_structure.png>
Package pdftex.def Info: imag/ardrone_server_structure.png used on input line 9
8.
(pdftex.def)             Requested size: 379.00928pt x 116.03143pt.
LaTeX Info: Redefining \. on input line 116.
LaTeX Info: Redefining \% on input line 116.
 [29 <./imag/ardrone_server_structure.png>] <imag/colortuner.png, id=693, 602.2
5pt x 290.08376pt>
File: imag/colortuner.png Graphic file (type png)

<use imag/colortuner.png>
Package pdftex.def Info: imag/colortuner.png used on input line 120.
(pdftex.def)             Requested size: 331.23851pt x 159.54655pt.

<imag/slam_markers_ui.png, id=696, 889.3225pt x 753.81625pt>
File: imag/slam_markers_ui.png Graphic file (type png)

<use imag/slam_markers_ui.png>
Package pdftex.def Info: imag/slam_markers_ui.png used on input line 136.
(pdftex.def)             Requested size: 355.72269pt x 301.52116pt.
LaTeX Info: Redefining \. on input line 141.
LaTeX Info: Redefining \% on input line 141.
 [30 <./imag/colortuner.png>]
LaTeX Info: Redefining \. on input line 152.
LaTeX Info: Redefining \% on input line 152.
 [31 <./imag/slam_markers_ui.png>] <imag/IMG32.png, id=708, 803.0pt x 743.77875
pt>
File: imag/IMG32.png Graphic file (type png)

<use imag/IMG32.png>
Package pdftex.def Info: imag/IMG32.png used on input line 159.
(pdftex.def)             Requested size: 361.34666pt x 334.69734pt.
LaTeX Info: Redefining \. on input line 169.
LaTeX Info: Redefining \% on input line 169.
 [32 <./imag/IMG32.png>]
<imag/gazebo-jackal-race.png, id=714, 1220.56pt x 779.91376pt>
File: imag/gazebo-jackal-race.png Graphic file (type png)

<use imag/gazebo-jackal-race.png>
Package pdftex.def Info: imag/gazebo-jackal-race.png used on input line 178.
(pdftex.def)             Requested size: 366.17082pt x 233.97594pt.
LaTeX Info: Redefining \. on input line 182.
LaTeX Info: Redefining \% on input line 182.
 [33])
LaTeX Info: Redefining \. on input line 122.
LaTeX Info: Redefining \% on input line 122.
 [34 <./imag/gazebo-jackal-race.png>]
\openout2 = `4-Desarrollo.aux'.


(./4-Desarrollo.tex
Cap\'{\i }tulo 4.
[35



] <imag/desgin_escenario.jpg, id=732, 581.7735pt x 318.59026pt>
File: imag/desgin_escenario.jpg Graphic file (type jpg)

<use imag/desgin_escenario.jpg>
Package pdftex.def Info: imag/desgin_escenario.jpg used on input line 15.
(pdftex.def)             Requested size: 349.06679pt x 191.15562pt.

<imag/design_pathfollower.png, id=734, 432.61626pt x 438.63875pt>
File: imag/design_pathfollower.png Graphic file (type png)

<use imag/design_pathfollower.png>
Package pdftex.def Info: imag/design_pathfollower.png used on input line 25.
(pdftex.def)             Requested size: 259.57176pt x 263.18527pt.
LaTeX Info: Redefining \. on input line 30.
LaTeX Info: Redefining \% on input line 30.


Package Fancyhdr Warning: \headheight is too small (16.0pt): 
 Make it at least 30.45134pt.
 We now make it that large for the rest of the document.
 This may cause the page layout to be inconsistent, however.

[36 <./imag/desgin_escenario.jpg>]
LaTeX Info: Redefining \. on input line 40.
LaTeX Info: Redefining \% on input line 40.


Package Fancyhdr Warning: \headheight is too small (16.0pt): 
 Make it at least 30.45134pt.
 We now make it that large for the rest of the document.
 This may cause the page layout to be inconsistent, however.

[37 <./imag/design_pathfollower.png>]
<imag/color_beacon_3.png, id=745, 642.4pt x 642.4pt>
File: imag/color_beacon_3.png Graphic file (type png)

<use imag/color_beacon_3.png>
Package pdftex.def Info: imag/color_beacon_3.png used on input line 45.
(pdftex.def)             Requested size: 128.47772pt x 128.47772pt.
LaTeX Info: Redefining \. on input line 57.
LaTeX Info: Redefining \% on input line 57.


Package Fancyhdr Warning: \headheight is too small (16.0pt): 
 Make it at least 30.45134pt.
 We now make it that large for the rest of the document.
 This may cause the page layout to be inconsistent, however.

[38 <./imag/color_beacon_3.png (PNG copy)>]
LaTeX Font Info:    Try loading font information for OMS+lmr on input line 89.

(/usr/share/texmf/tex/latex/lm/omslmr.fd
File: omslmr.fd 2009/10/30 v1.6 Font defs for Latin Modern
)
LaTeX Font Info:    Font shape `OMS/lmr/m/n' in size <12> not available
(Font)              Font shape `OMS/lmsy/m/n' tried instead on input line 89.
LaTeX Info: Redefining \. on input line 91.
LaTeX Info: Redefining \% on input line 91.


Package Fancyhdr Warning: \headheight is too small (16.0pt): 
 Make it at least 30.45134pt.
 We now make it that large for the rest of the document.
 This may cause the page layout to be inconsistent, however.

[39] <imag/EstadosVisualStates.png, id=774, 978.65625pt x 777.90625pt>
File: imag/EstadosVisualStates.png Graphic file (type png)

<use imag/EstadosVisualStates.png>
Package pdftex.def Info: imag/EstadosVisualStates.png used on input line 109.
(pdftex.def)             Requested size: 374.72302pt x 297.86272pt.
LaTeX Info: Redefining \. on input line 114.
LaTeX Info: Redefining \% on input line 114.


Package Fancyhdr Warning: \headheight is too small (16.0pt): 
 Make it at least 30.45134pt.
 We now make it that large for the rest of the document.
 This may cause the page layout to be inconsistent, however.

[40]
LaTeX Info: Redefining \. on input line 116.
LaTeX Info: Redefining \% on input line 116.


Package Fancyhdr Warning: \headheight is too small (16.0pt): 
 Make it at least 30.45134pt.
 We now make it that large for the rest of the document.
 This may cause the page layout to be inconsistent, however.

[41 <./imag/EstadosVisualStates.png>]
LaTeX Info: Redefining \. on input line 133.
LaTeX Info: Redefining \% on input line 133.


Package Fancyhdr Warning: \headheight is too small (16.0pt): 
 Make it at least 30.45134pt.
 We now make it that large for the rest of the document.
 This may cause the page layout to be inconsistent, however.

[42]
LaTeX Info: Redefining \. on input line 155.
LaTeX Info: Redefining \% on input line 155.


Package Fancyhdr Warning: \headheight is too small (16.0pt): 
 Make it at least 30.45134pt.
 We now make it that large for the rest of the document.
 This may cause the page layout to be inconsistent, however.

[43]
LaTeX Font Info:    Try loading font information for OML+lmr on input line 160.

 (/usr/share/texmf/tex/latex/lm/omllmr.fd
File: omllmr.fd 2009/10/30 v1.6 Font defs for Latin Modern
)
LaTeX Font Info:    Font shape `OML/lmr/m/n' in size <12> not available
(Font)              Font shape `OML/lmm/m/it' tried instead on input line 160.
LaTeX Info: Redefining \. on input line 181.
LaTeX Info: Redefining \% on input line 181.


Package Fancyhdr Warning: \headheight is too small (16.0pt): 
 Make it at least 30.45134pt.
 We now make it that large for the rest of the document.
 This may cause the page layout to be inconsistent, however.

[44]
Overfull \hbox (17.39977pt too wide) in paragraph at lines 184--185
[][][][][][][][][][][][][][][] 
 []

LaTeX Info: Redefining \. on input line 208.
LaTeX Info: Redefining \% on input line 208.

Package Fancyhdr Warning: \headheight is too small (16.0pt): 
 Make it at least 30.45134pt.
 We now make it that large for the rest of the document.
 This may cause the page layout to be inconsistent, however.

[45] <imag/configFile.png, id=860, 695.59875pt x 338.26375pt>
File: imag/configFile.png Graphic file (type png)

<use imag/configFile.png>
Package pdftex.def Info: imag/configFile.png used on input line 232.
(pdftex.def)             Requested size: 440.84746pt x 214.377pt.
LaTeX Info: Redefining \. on input line 237.
LaTeX Info: Redefining \% on input line 237.


Package Fancyhdr Warning: \headheight is too small (16.0pt): 
 Make it at least 30.45134pt.
 We now make it that large for the rest of the document.
 This may cause the page layout to be inconsistent, however.

[46]
LaTeX Info: Redefining \. on input line 249.
LaTeX Info: Redefining \% on input line 249.


Package Fancyhdr Warning: \headheight is too small (16.0pt): 
 Make it at least 30.45134pt.
 We now make it that large for the rest of the document.
 This may cause the page layout to be inconsistent, however.

[47 <./imag/configFile.png>]
<imag/calibrationTool.png, id=893, 719.68875pt x 860.21375pt>
File: imag/calibrationTool.png Graphic file (type png)

<use imag/calibrationTool.png>
Package pdftex.def Info: imag/calibrationTool.png used on input line 275.
(pdftex.def)             Requested size: 431.81659pt x 516.13223pt.
)
LaTeX Info: Redefining \. on input line 124.
LaTeX Info: Redefining \% on input line 124.


Package Fancyhdr Warning: \headheight is too small (16.0pt): 
 Make it at least 30.45134pt.
 We now make it that large for the rest of the document.
 This may cause the page layout to be inconsistent, however.

[48]
LaTeX Info: Redefining \. on input line 124.
LaTeX Info: Redefining \% on input line 124.


Package Fancyhdr Warning: \headheight is too small (16.0pt): 
 Make it at least 30.45134pt.
 We now make it that large for the rest of the document.
 This may cause the page layout to be inconsistent, however.

[49 <./imag/calibrationTool.png>]
\openout2 = `5-Experimentos.aux'.

 (./5-Experimentos.tex
Cap\'{\i }tulo 5.
[50



] <imag/gazebo.png, id=919, 444.4605pt x 230.3004pt>
File: imag/gazebo.png Graphic file (type png)
 <use imag/gazebo.png>
Package pdftex.def Info: imag/gazebo.png used on input line 15.
(pdftex.def)             Requested size: 440.84746pt x 228.43736pt.
LaTeX Info: Redefining \. on input line 24.
LaTeX Info: Redefining \% on input line 24.

[51 <./imag/gazebo.png (PNG copy)>]
<imag/simulador_balizas_cerca.png, id=925, 562.1pt x 496.85625pt>
File: imag/simulador_balizas_cerca.png Graphic file (type png)

<use imag/simulador_balizas_cerca.png>
Package pdftex.def Info: imag/simulador_balizas_cerca.png used on input line 28
.
(pdftex.def)             Requested size: 101.17363pt x 89.43025pt.

<imag/baliza_arlequinada_cerca.png, id=926, 321.2pt x 234.8775pt>
File: imag/baliza_arlequinada_cerca.png Graphic file (type png)

<use imag/baliza_arlequinada_cerca.png>
Package pdftex.def Info: imag/baliza_arlequinada_cerca.png used on input line 2
9.
(pdftex.def)             Requested size: 96.36073pt x 70.46379pt.

<imag/apriltags_cerca.png, id=927, 322.20375pt x 239.89626pt>
File: imag/apriltags_cerca.png Graphic file (type png)

<use imag/apriltags_cerca.png>
Package pdftex.def Info: imag/apriltags_cerca.png used on input line 30.
(pdftex.def)             Requested size: 96.66187pt x 71.96942pt.

<imag/ejecucion_completa_gazebo.png, id=928, 1103.322pt x 525.162pt>
File: imag/ejecucion_completa_gazebo.png Graphic file (type png)

<use imag/ejecucion_completa_gazebo.png>
Package pdftex.def Info: imag/ejecucion_completa_gazebo.png used on input line 
43.
(pdftex.def)             Requested size: 440.84746pt x 209.8367pt.
LaTeX Info: Redefining \. on input line 48.
LaTeX Info: Redefining \% on input line 48.
 [52 <./imag/simulador_balizas_cerca.png> <./imag/baliza_arlequinada_cerca.png>
 <./imag/apriltags_cerca.png>]
LaTeX Info: Redefining \. on input line 59.
LaTeX Info: Redefining \% on input line 59.
 [53 <./imag/ejecucion_completa_gazebo.png>]
<imag/despegue1.png, id=947, 849.1725pt x 436.63126pt>
File: imag/despegue1.png Graphic file (type png)

<use imag/despegue1.png>
Package pdftex.def Info: imag/despegue1.png used on input line 80.
(pdftex.def)             Requested size: 297.21483pt x 152.82323pt.
 <imag/despegue2.png, id=948, 855.195pt x 437.635pt>
File: imag/despegue2.png Graphic file (type png)

<use imag/despegue2.png>
Package pdftex.def Info: imag/despegue2.png used on input line 81.
(pdftex.def)             Requested size: 299.32274pt x 153.17455pt.
LaTeX Info: Redefining \. on input line 84.
LaTeX Info: Redefining \% on input line 84.
 [54]
<imag/despegue3.png, id=953, 852.18375pt x 436.63126pt>
File: imag/despegue3.png Graphic file (type png)

<use imag/despegue3.png>
Package pdftex.def Info: imag/despegue3.png used on input line 89.
(pdftex.def)             Requested size: 298.26877pt x 152.82323pt.
LaTeX Info: Redefining \. on input line 94.
LaTeX Info: Redefining \% on input line 94.
 [55 <./imag/despegue1.png> <./imag/despegue2.png>]
<imag/baliza_color.png, id=962, 296.10625pt x 188.705pt>
File: imag/baliza_color.png Graphic file (type png)

<use imag/baliza_color.png>
Package pdftex.def Info: imag/baliza_color.png used on input line 101.
(pdftex.def)             Requested size: 236.88531pt x 150.96419pt.

<imag/baliza_april1.png, id=963, 299.1175pt x 190.7125pt>
File: imag/baliza_april1.png Graphic file (type png)

<use imag/baliza_april1.png>
Package pdftex.def Info: imag/baliza_april1.png used on input line 102.
(pdftex.def)             Requested size: 239.29431pt x 152.57019pt.
LaTeX Info: Redefining \. on input line 105.
LaTeX Info: Redefining \% on input line 105.
 [56 <./imag/despegue3.png>]
<imag/baliza_april2.png, id=969, 299.1175pt x 190.7125pt>
File: imag/baliza_april2.png Graphic file (type png)

<use imag/baliza_april2.png>
Package pdftex.def Info: imag/baliza_april2.png used on input line 109.
(pdftex.def)             Requested size: 239.29431pt x 152.57019pt.

<imag/baliza_april3.png, id=970, 300.12125pt x 191.71625pt>
File: imag/baliza_april3.png Graphic file (type png)

<use imag/baliza_april3.png>
Package pdftex.def Info: imag/baliza_april3.png used on input line 110.
(pdftex.def)             Requested size: 240.09732pt x 153.3732pt.

<imag/baliza_april4.png, id=971, 301.125pt x 192.72pt>
File: imag/baliza_april4.png Graphic file (type png)

<use imag/baliza_april4.png>
Package pdftex.def Info: imag/baliza_april4.png used on input line 111.
(pdftex.def)             Requested size: 240.90031pt x 154.1762pt.
LaTeX Info: Redefining \. on input line 116.
LaTeX Info: Redefining \% on input line 116.
 [57 <./imag/baliza_color.png> <./imag/baliza_april1.png>]
LaTeX Info: Redefining \. on input line 118.
LaTeX Info: Redefining \% on input line 118.
 [58 <./imag/baliza_april2.png> <./imag/baliza_april3.png> <./imag/baliza_april
4.png>] <imag/navegacion1.png, id=987, 851.18pt x 436.63126pt>
File: imag/navegacion1.png Graphic file (type png)

<use imag/navegacion1.png>
Package pdftex.def Info: imag/navegacion1.png used on input line 122.
(pdftex.def)             Requested size: 340.46596pt x 174.6494pt.

<imag/navegacion2.png, id=988, 852.18375pt x 440.64626pt>
File: imag/navegacion2.png Graphic file (type png)

<use imag/navegacion2.png>
Package pdftex.def Info: imag/navegacion2.png used on input line 123.
(pdftex.def)             Requested size: 340.86745pt x 176.25537pt.

<imag/navegacion3.png, id=989, 851.18pt x 436.63126pt>
File: imag/navegacion3.png Graphic file (type png)

<use imag/navegacion3.png>
Package pdftex.def Info: imag/navegacion3.png used on input line 131.
(pdftex.def)             Requested size: 340.46596pt x 174.6494pt.

<imag/navegacion4.png, id=990, 852.18375pt x 436.63126pt>
File: imag/navegacion4.png Graphic file (type png)

<use imag/navegacion4.png>
Package pdftex.def Info: imag/navegacion4.png used on input line 132.
(pdftex.def)             Requested size: 340.86745pt x 174.6494pt.
LaTeX Info: Redefining \. on input line 137.
LaTeX Info: Redefining \% on input line 137.
 [59 <./imag/navegacion1.png> <./imag/navegacion2.png>]
LaTeX Info: Redefining \. on input line 143.
LaTeX Info: Redefining \% on input line 143.
 [60 <./imag/navegacion3.png> <./imag/navegacion4.png>]
<imag/ics_drone_calibrated.jpg, id=1004, 1121.6304pt x 842.1864pt>
File: imag/ics_drone_calibrated.jpg Graphic file (type jpg)

<use imag/ics_drone_calibrated.jpg>
Package pdftex.def Info: imag/ics_drone_calibrated.jpg used on input line 150.
(pdftex.def)             Requested size: 440.84746pt x 331.00867pt.
LaTeX Info: Redefining \. on input line 155.
LaTeX Info: Redefining \% on input line 155.
 [61]
LaTeX Info: Redefining \. on input line 163.
LaTeX Info: Redefining \% on input line 163.
 [62 <./imag/ics_drone_calibrated.jpg>]
LaTeX Info: Redefining \. on input line 181.
LaTeX Info: Redefining \% on input line 181.
[63])
LaTeX Info: Redefining \. on input line 126.
LaTeX Info: Redefining \% on input line 126.
 [64]
\openout2 = `6-Conclusiones.aux'.

 (./6-Conclusiones.tex
Cap\'{\i }tulo 6.
[65



]
LaTeX Info: Redefining \. on input line 18.
LaTeX Info: Redefining \% on input line 18.
 [66]
LaTeX Info: Redefining \. on input line 39.
LaTeX Info: Redefining \% on input line 39.
 [67])
LaTeX Info: Redefining \. on input line 128.
LaTeX Info: Redefining \% on input line 128.
 [68]

Package glossaries Warning: No \printglossary or \printglossaries found.
(Remove \makeglossaries if you don't want any glossaries.)
This document will not have a glossary.

Package atveryend Info: Empty hook `BeforeClearDocument' on input line 150.
[69


]
Package atveryend Info: Empty hook `AfterLastShipout' on input line 150.
 (./TFG.aux
LaTeX Info: Redefining \. on input line 30.
LaTeX Info: Redefining \% on input line 30.
 (./1-Introduccion.aux) (./2-Objetivos.aux)
(./3-Infraestructura.aux) (./4-Desarrollo.aux) (./5-Experimentos.aux)
(./6-Conclusiones.aux))
Package atveryend Info: Executing hook `AtVeryEndDocument' on input line 150.
Package atveryend Info: Executing hook `AtEndAfterFileList' on input line 150.
Package rerunfilecheck Info: File `TFG.out' has not changed.
(rerunfilecheck)             Checksum: CEA1963B2D94B610858619A96A985455;4486.
Package atveryend Info: Empty hook `AtVeryVeryEnd' on input line 150.
 )
(\end occurred inside a group at level 1)

### simple group (level 1) entered at line 22 ({)
### bottom level 
Here is how much of TeX's memory you used:
 19516 strings out of 493029
 284211 string characters out of 6136235
 508253 words of memory out of 5000000
 22204 multiletter control sequences out of 15000+600000
 82204 words of font info for 63 fonts, out of 8000000 for 9000
 1141 hyphenation exceptions out of 8191
 46i,13n,89p,3235b,2026s stack positions out of 5000i,500n,10000p,200000b,80000s
{/usr/share/texmf/fonts/enc/dvips/lm/lm-mathex.enc}{/usr/share/
texmf/fonts/enc/dvips/lm/lm-mathit.enc}{/usr/share/texmf/fonts/enc/dvips/lm/lm-
mathsy.enc}{/usr/share/texmf/fonts/enc/dvips/lm/lm-rmtt.enc}{/usr/share/texmf/f
onts/enc/dvips/lm/lm-rm.enc}{/usr/share/texmf/fonts/enc/dvips/lm/lm-rmsc.enc}</
usr/share/texmf/fonts/type1/public/lm/lmbx12.pfb></usr/share/texmf/fonts/type1/
public/lm/lmcsc10.pfb></usr/share/texmf/fonts/type1/public/lm/lmex10.pfb></usr/
share/texmf/fonts/type1/public/lm/lmmi12.pfb></usr/share/texmf/fonts/type1/publ
ic/lm/lmmi8.pfb></usr/share/texmf/fonts/type1/public/lm/lmr10.pfb></usr/share/t
exmf/fonts/type1/public/lm/lmr12.pfb></usr/share/texmf/fonts/type1/public/lm/lm
r17.pfb></usr/share/texmf/fonts/type1/public/lm/lmr7.pfb></usr/share/texmf/font
s/type1/public/lm/lmr8.pfb></usr/share/texmf/fonts/type1/public/lm/lmri10.pfb><
/usr/share/texmf/fonts/type1/public/lm/lmri12.pfb></usr/share/texmf/fonts/type1
/public/lm/lmro12.pfb></usr/share/texmf/fonts/type1/public/lm/lmss12.pfb></usr/
share/texmf/fonts/type1/public/lm/lmss17.pfb></usr/share/texmf/fonts/type1/publ
ic/lm/lmssbx10.pfb></usr/share/texmf/fonts/type1/public/lm/lmsy10.pfb></usr/sha
re/texmf/fonts/type1/public/lm/lmtt10.pfb></usr/share/texmf/fonts/type1/public/
lm/lmtt12.pfb>
Output written on TFG.pdf (78 pages, 21093062 bytes).
PDF statistics:
 1200 PDF objects out of 1200 (max. 8388607)
 1028 compressed objects within 11 object streams
 344 named destinations out of 1000 (max. 500000)
 751 words of extra memory for PDF output out of 10000 (max. 10000000)

